{"name":"hexo","hostname":"3cea3b0f60a2","pid":629,"level":20,"msg":"Hexo version: \u001b[35m3.2.2\u001b[39m","time":"2016-07-26T16:13:04.020Z","v":0}
{"name":"hexo","hostname":"3cea3b0f60a2","pid":629,"level":20,"msg":"Working directory: \u001b[35m/workspace/haoflynet/\u001b[39m","time":"2016-07-26T16:13:04.025Z","v":0}
{"name":"hexo","hostname":"3cea3b0f60a2","pid":629,"level":20,"msg":"Config loaded: \u001b[35m/workspace/haoflynet/_config.yml\u001b[39m","time":"2016-07-26T16:13:06.365Z","v":0}
{"name":"hexo","hostname":"3cea3b0f60a2","pid":629,"level":20,"msg":"Plugin loaded: \u001b[35mhexo-generator-archive\u001b[39m","time":"2016-07-26T16:13:06.671Z","v":0}
{"name":"hexo","hostname":"3cea3b0f60a2","pid":629,"level":20,"msg":"Plugin loaded: \u001b[35mhexo-generator-category\u001b[39m","time":"2016-07-26T16:13:06.713Z","v":0}
{"name":"hexo","hostname":"3cea3b0f60a2","pid":629,"level":20,"msg":"Plugin loaded: \u001b[35mhexo-generator-feed\u001b[39m","time":"2016-07-26T16:13:06.781Z","v":0}
{"name":"hexo","hostname":"3cea3b0f60a2","pid":629,"level":20,"msg":"Plugin loaded: \u001b[35mhexo-generator-index\u001b[39m","time":"2016-07-26T16:13:06.816Z","v":0}
{"name":"hexo","hostname":"3cea3b0f60a2","pid":629,"level":20,"msg":"Plugin loaded: \u001b[35mhexo-generator-sitemap\u001b[39m","time":"2016-07-26T16:13:06.873Z","v":0}
{"name":"hexo","hostname":"3cea3b0f60a2","pid":629,"level":20,"msg":"Plugin loaded: \u001b[35mhexo-generator-tag\u001b[39m","time":"2016-07-26T16:13:06.919Z","v":0}
{"name":"hexo","hostname":"3cea3b0f60a2","pid":629,"level":20,"msg":"Plugin loaded: \u001b[35mhexo-renderer-ejs\u001b[39m","time":"2016-07-26T16:13:06.982Z","v":0}
{"name":"hexo","hostname":"3cea3b0f60a2","pid":629,"level":20,"msg":"Plugin loaded: \u001b[35mhexo-renderer-jade\u001b[39m","time":"2016-07-26T16:13:09.434Z","v":0}
{"name":"hexo","hostname":"3cea3b0f60a2","pid":629,"level":20,"msg":"Plugin loaded: \u001b[35mhexo-renderer-marked\u001b[39m","time":"2016-07-26T16:13:09.543Z","v":0}
{"name":"hexo","hostname":"3cea3b0f60a2","pid":629,"level":20,"msg":"Plugin loaded: \u001b[35mhexo-renderer-sass\u001b[39m","time":"2016-07-26T16:13:09.694Z","v":0}
{"name":"hexo","hostname":"3cea3b0f60a2","pid":629,"level":20,"msg":"Plugin loaded: \u001b[35mhexo-renderer-stylus\u001b[39m","time":"2016-07-26T16:13:09.710Z","v":0}
{"name":"hexo","hostname":"3cea3b0f60a2","pid":629,"level":20,"msg":"Plugin loaded: \u001b[35mhexo-server\u001b[39m","time":"2016-07-26T16:13:10.850Z","v":0}
{"name":"hexo","hostname":"3cea3b0f60a2","pid":629,"level":20,"msg":"Script loaded: \u001b[35mthemes/next/scripts/merge-configs.js\u001b[39m","time":"2016-07-26T16:13:10.857Z","v":0}
{"name":"hexo","hostname":"3cea3b0f60a2","pid":629,"level":20,"msg":"Script loaded: \u001b[35mthemes/next/scripts/tags/center-quote.js\u001b[39m","time":"2016-07-26T16:13:10.858Z","v":0}
{"name":"hexo","hostname":"3cea3b0f60a2","pid":629,"level":20,"msg":"Script loaded: \u001b[35mthemes/next/scripts/tags/full-image.js\u001b[39m","time":"2016-07-26T16:13:10.860Z","v":0}
{"name":"hexo","hostname":"3cea3b0f60a2","pid":629,"level":20,"msg":"Script loaded: \u001b[35mthemes/next/scripts/tags/group-pictures.js\u001b[39m","time":"2016-07-26T16:13:10.862Z","v":0}
{"name":"hexo","hostname":"3cea3b0f60a2","pid":629,"level":20,"msg":"Loading database.","time":"2016-07-26T16:13:10.865Z","v":0}
{"name":"hexo","hostname":"3cea3b0f60a2","pid":629,"level":30,"msg":"Start processing","time":"2016-07-26T16:13:11.570Z","v":0}
{"name":"hexo","hostname":"3cea3b0f60a2","pid":629,"level":20,"msg":"Processed: \u001b[35m404.html\u001b[39m","time":"2016-07-26T16:13:11.785Z","v":0}
{"name":"hexo","hostname":"3cea3b0f60a2","pid":629,"level":20,"msg":"Processed: \u001b[35mfavorites.html\u001b[39m","time":"2016-07-26T16:13:11.786Z","v":0}
{"name":"hexo","hostname":"3cea3b0f60a2","pid":629,"level":20,"msg":"Processed: \u001b[35mgoogle502075e2e0f9c6f7.html\u001b[39m","time":"2016-07-26T16:13:11.859Z","v":0}
{"name":"hexo","hostname":"3cea3b0f60a2","pid":629,"level":20,"msg":"Processed: \u001b[35mabout/index.md\u001b[39m","time":"2016-07-26T16:13:12.068Z","v":0}
{"name":"hexo","hostname":"3cea3b0f60a2","pid":629,"level":20,"msg":"Processed: \u001b[35muploads/avatar.png\u001b[39m","time":"2016-07-26T16:13:12.069Z","v":0}
{"name":"hexo","hostname":"3cea3b0f60a2","pid":629,"level":20,"msg":"Processed: \u001b[35m_posts/2014-the-last.md\u001b[39m","time":"2016-07-26T16:13:12.097Z","v":0}
{"name":"hexo","hostname":"3cea3b0f60a2","pid":629,"level":20,"msg":"Processed: \u001b[35m_posts/2014-plan.md\u001b[39m","time":"2016-07-26T16:13:12.229Z","v":0}
{"name":"hexo","hostname":"3cea3b0f60a2","pid":629,"level":20,"msg":"Processed: \u001b[35m_posts/C-and-pointer_0.md\u001b[39m","time":"2016-07-26T16:13:12.229Z","v":0}
{"name":"hexo","hostname":"3cea3b0f60a2","pid":629,"level":20,"msg":"Processed: \u001b[35m_posts/C-and-pointer_1.md\u001b[39m","time":"2016-07-26T16:13:12.229Z","v":0}
{"name":"hexo","hostname":"3cea3b0f60a2","pid":629,"level":20,"msg":"Processed: \u001b[35m_posts/Gitosis-Git.md\u001b[39m","time":"2016-07-26T16:13:12.230Z","v":0}
{"name":"hexo","hostname":"3cea3b0f60a2","pid":629,"level":20,"msg":"Processed: \u001b[35m_posts/C-and-pointer_2.md\u001b[39m","time":"2016-07-26T16:13:12.230Z","v":0}
{"name":"hexo","hostname":"3cea3b0f60a2","pid":629,"level":20,"msg":"Processed: \u001b[35m_posts/a-low-key-life.md\u001b[39m","time":"2016-07-26T16:13:12.231Z","v":0}
{"name":"hexo","hostname":"3cea3b0f60a2","pid":629,"level":20,"msg":"Processed: \u001b[35m_posts/anshijian.md\u001b[39m","time":"2016-07-26T16:13:12.233Z","v":0}
{"name":"hexo","hostname":"3cea3b0f60a2","pid":629,"level":20,"msg":"Processed: \u001b[35m_posts/bashijiandangzuopengyou.md\u001b[39m","time":"2016-07-26T16:13:12.233Z","v":0}
{"name":"hexo","hostname":"3cea3b0f60a2","pid":629,"level":20,"msg":"Processed: \u001b[35m_posts/apache-vs-nginx.md\u001b[39m","time":"2016-07-26T16:13:12.234Z","v":0}
{"name":"hexo","hostname":"3cea3b0f60a2","pid":629,"level":20,"msg":"Processed: \u001b[35m_posts/bashengminglangfeizaimeihaodeshiwushang.md\u001b[39m","time":"2016-07-26T16:13:12.235Z","v":0}
{"name":"hexo","hostname":"3cea3b0f60a2","pid":629,"level":20,"msg":"Processed: \u001b[35m_posts/bianchengzhuji-understand.md\u001b[39m","time":"2016-07-26T16:13:12.235Z","v":0}
{"name":"hexo","hostname":"3cea3b0f60a2","pid":629,"level":20,"msg":"Processed: \u001b[35m_posts/believing-the-meaning-of-hard-work.md\u001b[39m","time":"2016-07-26T16:13:12.236Z","v":0}
{"name":"hexo","hostname":"3cea3b0f60a2","pid":629,"level":20,"msg":"Processed: \u001b[35m_posts/bianchengzhuji.md\u001b[39m","time":"2016-07-26T16:13:12.236Z","v":0}
{"name":"hexo","hostname":"3cea3b0f60a2","pid":629,"level":20,"msg":"Processed: \u001b[35m_posts/blog-revision.md\u001b[39m","time":"2016-07-26T16:13:12.237Z","v":0}
{"name":"hexo","hostname":"3cea3b0f60a2","pid":629,"level":20,"msg":"Processed: \u001b[35m_posts/busy-april.md\u001b[39m","time":"2016-07-26T16:13:12.237Z","v":0}
{"name":"hexo","hostname":"3cea3b0f60a2","pid":629,"level":20,"msg":"Processed: \u001b[35m_posts/chaijing-look.md\u001b[39m","time":"2016-07-26T16:13:12.238Z","v":0}
{"name":"hexo","hostname":"3cea3b0f60a2","pid":629,"level":20,"msg":"Processed: \u001b[35m_posts/bye-myhome.md\u001b[39m","time":"2016-07-26T16:13:12.238Z","v":0}
{"name":"hexo","hostname":"3cea3b0f60a2","pid":629,"level":20,"msg":"Processed: \u001b[35m_posts/chengxuyuanfaze.md\u001b[39m","time":"2016-07-26T16:13:12.239Z","v":0}
{"name":"hexo","hostname":"3cea3b0f60a2","pid":629,"level":20,"msg":"Processed: \u001b[35m_posts/brute-force-linux-password.md\u001b[39m","time":"2016-07-26T16:13:12.241Z","v":0}
{"name":"hexo","hostname":"3cea3b0f60a2","pid":629,"level":20,"msg":"Processed: \u001b[35m_posts/chengxuyuandefendoushi.md\u001b[39m","time":"2016-07-26T16:13:12.241Z","v":0}
{"name":"hexo","hostname":"3cea3b0f60a2","pid":629,"level":20,"msg":"Processed: \u001b[35m_posts/chengxuyuanjiankangzhinan.md\u001b[39m","time":"2016-07-26T16:13:12.242Z","v":0}
{"name":"hexo","hostname":"3cea3b0f60a2","pid":629,"level":20,"msg":"Processed: \u001b[35m_posts/database-application-scenarios.md\u001b[39m","time":"2016-07-26T16:13:12.242Z","v":0}
{"name":"hexo","hostname":"3cea3b0f60a2","pid":629,"level":20,"msg":"Processed: \u001b[35m_posts/chongxinrenshiniziji.md\u001b[39m","time":"2016-07-26T16:13:12.242Z","v":0}
{"name":"hexo","hostname":"3cea3b0f60a2","pid":629,"level":20,"msg":"Processed: \u001b[35m_posts/compare-of-MyISAM-and-InnoDB.md\u001b[39m","time":"2016-07-26T16:13:12.243Z","v":0}
{"name":"hexo","hostname":"3cea3b0f60a2","pid":629,"level":20,"msg":"Processed: \u001b[35m_posts/college-entrance-examination-will-deciding.md\u001b[39m","time":"2016-07-26T16:13:12.243Z","v":0}
{"name":"hexo","hostname":"3cea3b0f60a2","pid":629,"level":20,"msg":"Processed: \u001b[35m_posts/design-pattern.md\u001b[39m","time":"2016-07-26T16:13:12.244Z","v":0}
{"name":"hexo","hostname":"3cea3b0f60a2","pid":629,"level":20,"msg":"Processed: \u001b[35m_posts/eclipse-git-coding-net.md\u001b[39m","time":"2016-07-26T16:13:12.244Z","v":0}
{"name":"hexo","hostname":"3cea3b0f60a2","pid":629,"level":20,"msg":"Processed: \u001b[35m_posts/dongwuzhuangyuan.md\u001b[39m","time":"2016-07-26T16:13:12.245Z","v":0}
{"name":"hexo","hostname":"3cea3b0f60a2","pid":629,"level":20,"msg":"Processed: \u001b[35m_posts/do-not-know-why.md\u001b[39m","time":"2016-07-26T16:13:12.245Z","v":0}
{"name":"hexo","hostname":"3cea3b0f60a2","pid":629,"level":20,"msg":"Processed: \u001b[35m_posts/fushengliuji.md\u001b[39m","time":"2016-07-26T16:13:12.245Z","v":0}
{"name":"hexo","hostname":"3cea3b0f60a2","pid":629,"level":20,"msg":"Processed: \u001b[35m_posts/fate-is-her.md\u001b[39m","time":"2016-07-26T16:13:12.246Z","v":0}
{"name":"hexo","hostname":"3cea3b0f60a2","pid":629,"level":20,"msg":"Processed: \u001b[35m_posts/front-end.md\u001b[39m","time":"2016-07-26T16:13:12.246Z","v":0}
{"name":"hexo","hostname":"3cea3b0f60a2","pid":629,"level":20,"msg":"Processed: \u001b[35m_posts/escape_class.md\u001b[39m","time":"2016-07-26T16:13:12.247Z","v":0}
{"name":"hexo","hostname":"3cea3b0f60a2","pid":629,"level":20,"msg":"Processed: \u001b[35m_posts/function-coding-coolshell.md\u001b[39m","time":"2016-07-26T16:13:12.247Z","v":0}
{"name":"hexo","hostname":"3cea3b0f60a2","pid":629,"level":20,"msg":"Processed: \u001b[35m_posts/github-set-webhook.md\u001b[39m","time":"2016-07-26T16:13:12.248Z","v":0}
{"name":"hexo","hostname":"3cea3b0f60a2","pid":629,"level":20,"msg":"Processed: \u001b[35m_posts/give-up-halfway.md\u001b[39m","time":"2016-07-26T16:13:12.248Z","v":0}
{"name":"hexo","hostname":"3cea3b0f60a2","pid":629,"level":20,"msg":"Processed: \u001b[35m_posts/goodbye-xp.md\u001b[39m","time":"2016-07-26T16:13:12.249Z","v":0}
{"name":"hexo","hostname":"3cea3b0f60a2","pid":629,"level":20,"msg":"Processed: \u001b[35m_posts/hacker-and-painter.md\u001b[39m","time":"2016-07-26T16:13:12.249Z","v":0}
{"name":"hexo","hostname":"3cea3b0f60a2","pid":629,"level":20,"msg":"Processed: \u001b[35m_posts/hdu-4267.md\u001b[39m","time":"2016-07-26T16:13:12.250Z","v":0}
{"name":"hexo","hostname":"3cea3b0f60a2","pid":629,"level":20,"msg":"Processed: \u001b[35m_posts/hulianwangshidai.md\u001b[39m","time":"2016-07-26T16:13:12.251Z","v":0}
{"name":"hexo","hostname":"3cea3b0f60a2","pid":629,"level":20,"msg":"Processed: \u001b[35m_posts/haizeiwangjiaohuiwode.md\u001b[39m","time":"2016-07-26T16:13:12.252Z","v":0}
{"name":"hexo","hostname":"3cea3b0f60a2","pid":629,"level":20,"msg":"Processed: \u001b[35m_posts/internal-network-penetration.md\u001b[39m","time":"2016-07-26T16:13:12.252Z","v":0}
{"name":"hexo","hostname":"3cea3b0f60a2","pid":629,"level":20,"msg":"Processed: \u001b[35m_posts/i-wait-you.md\u001b[39m","time":"2016-07-26T16:13:12.492Z","v":0}
{"name":"hexo","hostname":"3cea3b0f60a2","pid":629,"level":20,"msg":"Processed: \u001b[35m_posts/install-linux-core.md\u001b[39m","time":"2016-07-26T16:13:12.492Z","v":0}
{"name":"hexo","hostname":"3cea3b0f60a2","pid":629,"level":20,"msg":"Processed: \u001b[35m_posts/inspirational-video.md\u001b[39m","time":"2016-07-26T16:13:12.493Z","v":0}
{"name":"hexo","hostname":"3cea3b0f60a2","pid":629,"level":20,"msg":"Processed: \u001b[35m_posts/laravel-IoC-DI.md\u001b[39m","time":"2016-07-26T16:13:12.493Z","v":0}
{"name":"hexo","hostname":"3cea3b0f60a2","pid":629,"level":20,"msg":"Processed: \u001b[35m_posts/kanaiji.md\u001b[39m","time":"2016-07-26T16:13:12.494Z","v":0}
{"name":"hexo","hostname":"3cea3b0f60a2","pid":629,"level":20,"msg":"Processed: \u001b[35m_posts/langchaozhidian.md\u001b[39m","time":"2016-07-26T16:13:12.495Z","v":0}
{"name":"hexo","hostname":"3cea3b0f60a2","pid":629,"level":20,"msg":"Processed: \u001b[35m_posts/linux-watch-network-speed.md\u001b[39m","time":"2016-07-26T16:13:12.495Z","v":0}
{"name":"hexo","hostname":"3cea3b0f60a2","pid":629,"level":20,"msg":"Processed: \u001b[35m_posts/linux-brute-force-rar-zip-7z.md\u001b[39m","time":"2016-07-26T16:13:12.496Z","v":0}
{"name":"hexo","hostname":"3cea3b0f60a2","pid":629,"level":20,"msg":"Processed: \u001b[35m_posts/license.md\u001b[39m","time":"2016-07-26T16:13:12.497Z","v":0}
{"name":"hexo","hostname":"3cea3b0f60a2","pid":629,"level":20,"msg":"Processed: \u001b[35m_posts/laravel-container.md\u001b[39m","time":"2016-07-26T16:13:12.497Z","v":0}
{"name":"hexo","hostname":"3cea3b0f60a2","pid":629,"level":20,"msg":"Processed: \u001b[35m_posts/linux-goa gent-chrome.md\u001b[39m","time":"2016-07-26T16:13:12.498Z","v":0}
{"name":"hexo","hostname":"3cea3b0f60a2","pid":629,"level":20,"msg":"Processed: \u001b[35m_posts/linux-openkeeper-netkeeper.md\u001b[39m","time":"2016-07-26T16:13:12.498Z","v":0}
{"name":"hexo","hostname":"3cea3b0f60a2","pid":629,"level":20,"msg":"Processed: \u001b[35m_posts/my-game-life.md\u001b[39m","time":"2016-07-26T16:13:12.499Z","v":0}
{"name":"hexo","hostname":"3cea3b0f60a2","pid":629,"level":20,"msg":"Processed: \u001b[35m_posts/maitianshouwangzhe.md\u001b[39m","time":"2016-07-26T16:13:12.500Z","v":0}
{"name":"hexo","hostname":"3cea3b0f60a2","pid":629,"level":20,"msg":"Processed: \u001b[35m_posts/modify-u-disk-logo.md\u001b[39m","time":"2016-07-26T16:13:12.500Z","v":0}
{"name":"hexo","hostname":"3cea3b0f60a2","pid":629,"level":20,"msg":"Processed: \u001b[35m_posts/manmanlai.md\u001b[39m","time":"2016-07-26T16:13:12.501Z","v":0}
{"name":"hexo","hostname":"3cea3b0f60a2","pid":629,"level":20,"msg":"Processed: \u001b[35m_posts/my-university.md\u001b[39m","time":"2016-07-26T16:13:12.501Z","v":0}
{"name":"hexo","hostname":"3cea3b0f60a2","pid":629,"level":20,"msg":"Processed: \u001b[35m_posts/mysql-cold-backup.md\u001b[39m","time":"2016-07-26T16:13:12.502Z","v":0}
{"name":"hexo","hostname":"3cea3b0f60a2","pid":629,"level":20,"msg":"Processed: \u001b[35m_posts/mysql-design-tips.md\u001b[39m","time":"2016-07-26T16:13:12.502Z","v":0}
{"name":"hexo","hostname":"3cea3b0f60a2","pid":629,"level":20,"msg":"Processed: \u001b[35m_posts/mysql-logical-backup.md\u001b[39m","time":"2016-07-26T16:13:12.502Z","v":0}
{"name":"hexo","hostname":"3cea3b0f60a2","pid":629,"level":20,"msg":"Processed: \u001b[35m_posts/mysql-master-slave.md\u001b[39m","time":"2016-07-26T16:13:12.503Z","v":0}
{"name":"hexo","hostname":"3cea3b0f60a2","pid":629,"level":20,"msg":"Processed: \u001b[35m_posts/mysql-guanlizhidao.md\u001b[39m","time":"2016-07-26T16:13:12.504Z","v":0}
{"name":"hexo","hostname":"3cea3b0f60a2","pid":629,"level":20,"msg":"Processed: \u001b[35m_posts/mysql-multi-instance.md\u001b[39m","time":"2016-07-26T16:13:12.506Z","v":0}
{"name":"hexo","hostname":"3cea3b0f60a2","pid":629,"level":20,"msg":"Processed: \u001b[35m_posts/mysql-optimization.md\u001b[39m","time":"2016-07-26T16:13:12.507Z","v":0}
{"name":"hexo","hostname":"3cea3b0f60a2","pid":629,"level":20,"msg":"Processed: \u001b[35m_posts/mysql-source-messy-code.md\u001b[39m","time":"2016-07-26T16:13:12.507Z","v":0}
{"name":"hexo","hostname":"3cea3b0f60a2","pid":629,"level":20,"msg":"Processed: \u001b[35m_posts/mysql-migration.md\u001b[39m","time":"2016-07-26T16:13:12.507Z","v":0}
{"name":"hexo","hostname":"3cea3b0f60a2","pid":629,"level":20,"msg":"Processed: \u001b[35m_posts/mysql-update.md\u001b[39m","time":"2016-07-26T16:13:12.508Z","v":0}
{"name":"hexo","hostname":"3cea3b0f60a2","pid":629,"level":20,"msg":"Processed: \u001b[35m_posts/nailiangluwan.md\u001b[39m","time":"2016-07-26T16:13:12.508Z","v":0}
{"name":"hexo","hostname":"3cea3b0f60a2","pid":629,"level":20,"msg":"Processed: \u001b[35m_posts/nothing-is-anything.md\u001b[39m","time":"2016-07-26T16:13:12.509Z","v":0}
{"name":"hexo","hostname":"3cea3b0f60a2","pid":629,"level":20,"msg":"Processed: \u001b[35m_posts/nixidaxue.md\u001b[39m","time":"2016-07-26T16:13:12.509Z","v":0}
{"name":"hexo","hostname":"3cea3b0f60a2","pid":629,"level":20,"msg":"Processed: \u001b[35m_posts/nidegudu,suibaiyourong.md\u001b[39m","time":"2016-07-26T16:13:12.509Z","v":0}
{"name":"hexo","hostname":"3cea3b0f60a2","pid":629,"level":20,"msg":"Processed: \u001b[35m_posts/nginx-multi-apache-load-balance.md\u001b[39m","time":"2016-07-26T16:13:12.510Z","v":0}
{"name":"hexo","hostname":"3cea3b0f60a2","pid":629,"level":20,"msg":"Processed: \u001b[35m_posts/now-know.md\u001b[39m","time":"2016-07-26T16:13:12.510Z","v":0}
{"name":"hexo","hostname":"3cea3b0f60a2","pid":629,"level":20,"msg":"Processed: \u001b[35m_posts/our-programmer.md\u001b[39m","time":"2016-07-26T16:13:12.511Z","v":0}
{"name":"hexo","hostname":"3cea3b0f60a2","pid":629,"level":20,"msg":"Processed: \u001b[35m_posts/oauth-and-sso.md\u001b[39m","time":"2016-07-26T16:13:12.511Z","v":0}
{"name":"hexo","hostname":"3cea3b0f60a2","pid":629,"level":20,"msg":"Processed: \u001b[35m_posts/putty-ssh-connection-refused.md\u001b[39m","time":"2016-07-26T16:13:12.512Z","v":0}
{"name":"hexo","hostname":"3cea3b0f60a2","pid":629,"level":20,"msg":"Processed: \u001b[35m_posts/programmer-internal-strength.md\u001b[39m","time":"2016-07-26T16:13:12.512Z","v":0}
{"name":"hexo","hostname":"3cea3b0f60a2","pid":629,"level":20,"msg":"Processed: \u001b[35m_posts/python-beautifulsoup-parse-html-xml.md\u001b[39m","time":"2016-07-26T16:13:12.513Z","v":0}
{"name":"hexo","hostname":"3cea3b0f60a2","pid":629,"level":20,"msg":"Processed: \u001b[35m_posts/python-Chrome-QQ-friends.md\u001b[39m","time":"2016-07-26T16:13:12.513Z","v":0}
{"name":"hexo","hostname":"3cea3b0f60a2","pid":629,"level":20,"msg":"Processed: \u001b[35m_posts/python-Chrome-QQ-album.md\u001b[39m","time":"2016-07-26T16:13:12.514Z","v":0}
{"name":"hexo","hostname":"3cea3b0f60a2","pid":629,"level":20,"msg":"Processed: \u001b[35m_posts/python-configparser.md\u001b[39m","time":"2016-07-26T16:13:12.515Z","v":0}
{"name":"hexo","hostname":"3cea3b0f60a2","pid":629,"level":20,"msg":"Processed: \u001b[35m_posts/pdb-\tdebug-python.md\u001b[39m","time":"2016-07-26T16:13:12.515Z","v":0}
{"name":"hexo","hostname":"3cea3b0f60a2","pid":629,"level":20,"msg":"Processed: \u001b[35m_posts/python-encode-decode.md\u001b[39m","time":"2016-07-26T16:13:12.516Z","v":0}
{"name":"hexo","hostname":"3cea3b0f60a2","pid":629,"level":20,"msg":"Processed: \u001b[35m_posts/python-connect-mysql.md\u001b[39m","time":"2016-07-26T16:13:12.516Z","v":0}
{"name":"hexo","hostname":"3cea3b0f60a2","pid":629,"level":20,"msg":"Processed: \u001b[35m_posts/python-multithreading-multiprocess.md\u001b[39m","time":"2016-07-26T16:13:12.517Z","v":0}
{"name":"hexo","hostname":"3cea3b0f60a2","pid":629,"level":20,"msg":"Processed: \u001b[35m_posts/python-requests.md\u001b[39m","time":"2016-07-26T16:13:12.517Z","v":0}
{"name":"hexo","hostname":"3cea3b0f60a2","pid":629,"level":20,"msg":"Processed: \u001b[35m_posts/python-execute-pythonfile-effiency.md\u001b[39m","time":"2016-07-26T16:13:12.517Z","v":0}
{"name":"hexo","hostname":"3cea3b0f60a2","pid":629,"level":20,"msg":"Processed: \u001b[35m_posts/python-encoding-specification.md\u001b[39m","time":"2016-07-26T16:13:12.518Z","v":0}
{"name":"hexo","hostname":"3cea3b0f60a2","pid":629,"level":20,"msg":"Processed: \u001b[35m_posts/python-eric-pyqt.md\u001b[39m","time":"2016-07-26T16:13:12.518Z","v":0}
{"name":"hexo","hostname":"3cea3b0f60a2","pid":629,"level":20,"msg":"Processed: \u001b[35m_posts/raspberrypi.md\u001b[39m","time":"2016-07-26T16:13:12.519Z","v":0}
{"name":"hexo","hostname":"3cea3b0f60a2","pid":629,"level":20,"msg":"Processed: \u001b[35m_posts/python-use-redis.md\u001b[39m","time":"2016-07-26T16:13:12.519Z","v":0}
{"name":"hexo","hostname":"3cea3b0f60a2","pid":629,"level":20,"msg":"Processed: \u001b[35m_posts/renshegnyuanbiancheng.md\u001b[39m","time":"2016-07-26T16:13:12.520Z","v":0}
{"name":"hexo","hostname":"3cea3b0f60a2","pid":629,"level":20,"msg":"Processed: \u001b[35m_posts/regret-living-on-others-life.md\u001b[39m","time":"2016-07-26T16:13:12.521Z","v":0}
{"name":"hexo","hostname":"3cea3b0f60a2","pid":629,"level":20,"msg":"Processed: \u001b[35m_posts/run-for-fun.md\u001b[39m","time":"2016-07-26T16:13:12.521Z","v":0}
{"name":"hexo","hostname":"3cea3b0f60a2","pid":629,"level":20,"msg":"Processed: \u001b[35m_posts/ssl-jks-to-pem.md\u001b[39m","time":"2016-07-26T16:13:12.521Z","v":0}
{"name":"hexo","hostname":"3cea3b0f60a2","pid":629,"level":20,"msg":"Processed: \u001b[35m_posts/restful-api.md\u001b[39m","time":"2016-07-26T16:13:12.522Z","v":0}
{"name":"hexo","hostname":"3cea3b0f60a2","pid":629,"level":20,"msg":"Processed: \u001b[35m_posts/santi.md\u001b[39m","time":"2016-07-26T16:13:12.523Z","v":0}
{"name":"hexo","hostname":"3cea3b0f60a2","pid":629,"level":20,"msg":"Processed: \u001b[35m_posts/supervisor-manage-processor.md\u001b[39m","time":"2016-07-26T16:13:12.523Z","v":0}
{"name":"hexo","hostname":"3cea3b0f60a2","pid":629,"level":20,"msg":"Processed: \u001b[35m_posts/sysbench-effiency-test.md\u001b[39m","time":"2016-07-26T16:13:12.524Z","v":0}
{"name":"hexo","hostname":"3cea3b0f60a2","pid":629,"level":20,"msg":"Processed: \u001b[35m_posts/student-should-buy-genuine.md\u001b[39m","time":"2016-07-26T16:13:12.525Z","v":0}
{"name":"hexo","hostname":"3cea3b0f60a2","pid":629,"level":20,"msg":"Processed: \u001b[35m_posts/terriable-lazy.md\u001b[39m","time":"2016-07-26T16:13:12.526Z","v":0}
{"name":"hexo","hostname":"3cea3b0f60a2","pid":629,"level":20,"msg":"Processed: \u001b[35m_posts/that-year-dream.md\u001b[39m","time":"2016-07-26T16:13:12.526Z","v":0}
{"name":"hexo","hostname":"3cea3b0f60a2","pid":629,"level":20,"msg":"Processed: \u001b[35m_posts/the-conclusion-of-the-first-project-of-studio.md\u001b[39m","time":"2016-07-26T16:13:12.527Z","v":0}
{"name":"hexo","hostname":"3cea3b0f60a2","pid":629,"level":20,"msg":"Processed: \u001b[35m_posts/ten-years-english-learning.md\u001b[39m","time":"2016-07-26T16:13:12.529Z","v":0}
{"name":"hexo","hostname":"3cea3b0f60a2","pid":629,"level":20,"msg":"Processed: \u001b[35m_posts/the-computer-knowledge-i-know.md\u001b[39m","time":"2016-07-26T16:13:12.529Z","v":0}
{"name":"hexo","hostname":"3cea3b0f60a2","pid":629,"level":20,"msg":"Processed: \u001b[35m_posts/the-future-of-coding.md\u001b[39m","time":"2016-07-26T16:13:12.530Z","v":0}
{"name":"hexo","hostname":"3cea3b0f60a2","pid":629,"level":20,"msg":"Processed: \u001b[35m_posts/the-difference-of-frame-and-framework.md\u001b[39m","time":"2016-07-26T16:13:12.530Z","v":0}
{"name":"hexo","hostname":"3cea3b0f60a2","pid":629,"level":20,"msg":"Processed: \u001b[35m_posts/the-end-of-junior.md\u001b[39m","time":"2016-07-26T16:13:12.531Z","v":0}
{"name":"hexo","hostname":"3cea3b0f60a2","pid":629,"level":20,"msg":"Processed: \u001b[35m_posts/the-plan-of-2015.md\u001b[39m","time":"2016-07-26T16:13:12.533Z","v":0}
{"name":"hexo","hostname":"3cea3b0f60a2","pid":629,"level":20,"msg":"Processed: \u001b[35m_posts/tiancaizaizuo,fengzizaiyou.md\u001b[39m","time":"2016-07-26T16:13:12.533Z","v":0}
{"name":"hexo","hostname":"3cea3b0f60a2","pid":629,"level":20,"msg":"Processed: \u001b[35m_posts/to-entrance-examination-friends.md\u001b[39m","time":"2016-07-26T16:13:12.533Z","v":0}
{"name":"hexo","hostname":"3cea3b0f60a2","pid":629,"level":20,"msg":"Processed: \u001b[35m_posts/the-most-bad-man-is-who-think-to-do-the-good-thing.md\u001b[39m","time":"2016-07-26T16:13:12.534Z","v":0}
{"name":"hexo","hostname":"3cea3b0f60a2","pid":629,"level":20,"msg":"Processed: \u001b[35m_posts/tornado-asynchronous.md\u001b[39m","time":"2016-07-26T16:13:12.534Z","v":0}
{"name":"hexo","hostname":"3cea3b0f60a2","pid":629,"level":20,"msg":"Processed: \u001b[35m_posts/virtualenv-python-django.md\u001b[39m","time":"2016-07-26T16:13:12.534Z","v":0}
{"name":"hexo","hostname":"3cea3b0f60a2","pid":629,"level":20,"msg":"Processed: \u001b[35m_posts/two-years-coding-life.md\u001b[39m","time":"2016-07-26T16:13:12.534Z","v":0}
{"name":"hexo","hostname":"3cea3b0f60a2","pid":629,"level":20,"msg":"Processed: \u001b[35m_posts/to-the-future-of-me.md\u001b[39m","time":"2016-07-26T16:13:12.534Z","v":0}
{"name":"hexo","hostname":"3cea3b0f60a2","pid":629,"level":20,"msg":"Processed: \u001b[35m_posts/unitedstack-database-remote-login.md\u001b[39m","time":"2016-07-26T16:13:12.534Z","v":0}
{"name":"hexo","hostname":"3cea3b0f60a2","pid":629,"level":20,"msg":"Processed: \u001b[35m_posts/virtualbox-guest-host-share-file.md\u001b[39m","time":"2016-07-26T16:13:12.534Z","v":0}
{"name":"hexo","hostname":"3cea3b0f60a2","pid":629,"level":20,"msg":"Processed: \u001b[35m_posts/wait-until-today.md\u001b[39m","time":"2016-07-26T16:13:12.534Z","v":0}
{"name":"hexo","hostname":"3cea3b0f60a2","pid":629,"level":20,"msg":"Processed: \u001b[35m_posts/vps-nginx-reverse-proxy.md\u001b[39m","time":"2016-07-26T16:13:12.536Z","v":0}
{"name":"hexo","hostname":"3cea3b0f60a2","pid":629,"level":20,"msg":"Processed: \u001b[35m_posts/ubuntu-install-phpmyadmin.md\u001b[39m","time":"2016-07-26T16:13:12.536Z","v":0}
{"name":"hexo","hostname":"3cea3b0f60a2","pid":629,"level":20,"msg":"Processed: \u001b[35m_posts/want-the-one.md\u001b[39m","time":"2016-07-26T16:13:12.536Z","v":0}
{"name":"hexo","hostname":"3cea3b0f60a2","pid":629,"level":20,"msg":"Processed: \u001b[35m_posts/web-status-code.md\u001b[39m","time":"2016-07-26T16:13:12.536Z","v":0}
{"name":"hexo","hostname":"3cea3b0f60a2","pid":629,"level":20,"msg":"Processed: \u001b[35m_posts/web-application-scenarios.md\u001b[39m","time":"2016-07-26T16:13:12.536Z","v":0}
{"name":"hexo","hostname":"3cea3b0f60a2","pid":629,"level":20,"msg":"Processed: \u001b[35m_posts/weibo.md\u001b[39m","time":"2016-07-26T16:13:12.537Z","v":0}
{"name":"hexo","hostname":"3cea3b0f60a2","pid":629,"level":20,"msg":"Processed: \u001b[35m_posts/windows-install-vagrant.md\u001b[39m","time":"2016-07-26T16:13:12.537Z","v":0}
{"name":"hexo","hostname":"3cea3b0f60a2","pid":629,"level":20,"msg":"Processed: \u001b[35m_posts/write-poem.md\u001b[39m","time":"2016-07-26T16:13:12.537Z","v":0}
{"name":"hexo","hostname":"3cea3b0f60a2","pid":629,"level":20,"msg":"Processed: \u001b[35m_posts/whose-youth-is-not-confused.md\u001b[39m","time":"2016-07-26T16:13:12.537Z","v":0}
{"name":"hexo","hostname":"3cea3b0f60a2","pid":629,"level":20,"msg":"Processed: \u001b[35m_posts/windows-wamp-install-laravel.md\u001b[39m","time":"2016-07-26T16:13:12.548Z","v":0}
{"name":"hexo","hostname":"3cea3b0f60a2","pid":629,"level":20,"msg":"Processed: \u001b[35m_posts/wordpress-qiniu.md\u001b[39m","time":"2016-07-26T16:13:12.549Z","v":0}
{"name":"hexo","hostname":"3cea3b0f60a2","pid":629,"level":20,"msg":"Processed: \u001b[35m_posts/woyiranainiwozhishibuxihuannile.md\u001b[39m","time":"2016-07-26T16:13:12.549Z","v":0}
{"name":"hexo","hostname":"3cea3b0f60a2","pid":629,"level":20,"msg":"Processed: \u001b[35m_posts/write-to-girls.md\u001b[39m","time":"2016-07-26T16:13:12.550Z","v":0}
{"name":"hexo","hostname":"3cea3b0f60a2","pid":629,"level":20,"msg":"Processed: \u001b[35m_posts/wutuobang.md\u001b[39m","time":"2016-07-26T16:13:12.551Z","v":0}
{"name":"hexo","hostname":"3cea3b0f60a2","pid":629,"level":20,"msg":"Processed: \u001b[35m_posts/yundianzhishang.md\u001b[39m","time":"2016-07-26T16:13:12.552Z","v":0}
{"name":"hexo","hostname":"3cea3b0f60a2","pid":629,"level":20,"msg":"Processed: \u001b[35m_posts/xiyouriji.md\u001b[39m","time":"2016-07-26T16:13:12.552Z","v":0}
{"name":"hexo","hostname":"3cea3b0f60a2","pid":629,"level":20,"msg":"Processed: \u001b[35m_posts/wukongzhuan.md\u001b[39m","time":"2016-07-26T16:13:12.553Z","v":0}
{"name":"hexo","hostname":"3cea3b0f60a2","pid":629,"level":20,"msg":"Processed: \u001b[35m_posts/zhihu.md\u001b[39m","time":"2016-07-26T16:13:12.553Z","v":0}
{"name":"hexo","hostname":"3cea3b0f60a2","pid":629,"level":20,"msg":"Theme config loaded.","time":"2016-07-26T16:13:12.806Z","v":0}
{"name":"hexo","hostname":"3cea3b0f60a2","pid":629,"level":20,"msg":"Processed: \u001b[35m_config.yml\u001b[39m","time":"2016-07-26T16:13:12.822Z","v":0}
{"name":"hexo","hostname":"3cea3b0f60a2","pid":629,"level":20,"msg":"Processed: \u001b[35msource/images/avatar.gif\u001b[39m","time":"2016-07-26T16:13:12.826Z","v":0}
{"name":"hexo","hostname":"3cea3b0f60a2","pid":629,"level":20,"msg":"Processed: \u001b[35msource/images/cc-by-nc.svg\u001b[39m","time":"2016-07-26T16:13:12.827Z","v":0}
{"name":"hexo","hostname":"3cea3b0f60a2","pid":629,"level":20,"msg":"Processed: \u001b[35msource/css/main.styl\u001b[39m","time":"2016-07-26T16:13:12.828Z","v":0}
{"name":"hexo","hostname":"3cea3b0f60a2","pid":629,"level":20,"msg":"Processed: \u001b[35msource/images/cc-by-nd.svg\u001b[39m","time":"2016-07-26T16:13:12.829Z","v":0}
{"name":"hexo","hostname":"3cea3b0f60a2","pid":629,"level":20,"msg":"Processed: \u001b[35msource/images/cc-by-nc-sa.svg\u001b[39m","time":"2016-07-26T16:13:12.830Z","v":0}
{"name":"hexo","hostname":"3cea3b0f60a2","pid":629,"level":20,"msg":"Processed: \u001b[35msource/images/cc-by-nc-nd.svg\u001b[39m","time":"2016-07-26T16:13:12.830Z","v":0}
{"name":"hexo","hostname":"3cea3b0f60a2","pid":629,"level":20,"msg":"Processed: \u001b[35msource/images/cc-by-sa.svg\u001b[39m","time":"2016-07-26T16:13:12.832Z","v":0}
{"name":"hexo","hostname":"3cea3b0f60a2","pid":629,"level":20,"msg":"Processed: \u001b[35msource/images/loading.gif\u001b[39m","time":"2016-07-26T16:13:12.832Z","v":0}
{"name":"hexo","hostname":"3cea3b0f60a2","pid":629,"level":20,"msg":"Processed: \u001b[35msource/images/cc-by.svg\u001b[39m","time":"2016-07-26T16:13:12.833Z","v":0}
{"name":"hexo","hostname":"3cea3b0f60a2","pid":629,"level":20,"msg":"Processed: \u001b[35msource/images/quote-l.svg\u001b[39m","time":"2016-07-26T16:13:12.834Z","v":0}
{"name":"hexo","hostname":"3cea3b0f60a2","pid":629,"level":20,"msg":"Processed: \u001b[35msource/images/searchicon.png\u001b[39m","time":"2016-07-26T16:13:12.835Z","v":0}
{"name":"hexo","hostname":"3cea3b0f60a2","pid":629,"level":20,"msg":"Processed: \u001b[35msource/images/cc-zero.svg\u001b[39m","time":"2016-07-26T16:13:12.836Z","v":0}
{"name":"hexo","hostname":"3cea3b0f60a2","pid":629,"level":20,"msg":"Processed: \u001b[35msource/images/placeholder.gif\u001b[39m","time":"2016-07-26T16:13:12.837Z","v":0}
{"name":"hexo","hostname":"3cea3b0f60a2","pid":629,"level":20,"msg":"Processed: \u001b[35msource/images/quote-r.svg\u001b[39m","time":"2016-07-26T16:13:12.837Z","v":0}
{"name":"hexo","hostname":"3cea3b0f60a2","pid":629,"level":20,"msg":"Processed: \u001b[35mlayout/archive.swig\u001b[39m","time":"2016-07-26T16:13:13.272Z","v":0}
{"name":"hexo","hostname":"3cea3b0f60a2","pid":629,"level":20,"msg":"Processed: \u001b[35mlayout/index.swig\u001b[39m","time":"2016-07-26T16:13:13.272Z","v":0}
{"name":"hexo","hostname":"3cea3b0f60a2","pid":629,"level":20,"msg":"Processed: \u001b[35mlayout/category.swig\u001b[39m","time":"2016-07-26T16:13:13.273Z","v":0}
{"name":"hexo","hostname":"3cea3b0f60a2","pid":629,"level":20,"msg":"Processed: \u001b[35mlayout/_layout.swig\u001b[39m","time":"2016-07-26T16:13:13.274Z","v":0}
{"name":"hexo","hostname":"3cea3b0f60a2","pid":629,"level":20,"msg":"Processed: \u001b[35mlayout/page.swig\u001b[39m","time":"2016-07-26T16:13:13.275Z","v":0}
{"name":"hexo","hostname":"3cea3b0f60a2","pid":629,"level":20,"msg":"Processed: \u001b[35mlayout/post.swig\u001b[39m","time":"2016-07-26T16:13:13.276Z","v":0}
{"name":"hexo","hostname":"3cea3b0f60a2","pid":629,"level":20,"msg":"Processed: \u001b[35mlayout/tag.swig\u001b[39m","time":"2016-07-26T16:13:13.277Z","v":0}
{"name":"hexo","hostname":"3cea3b0f60a2","pid":629,"level":20,"msg":"Processed: \u001b[35mlanguages/default.yml\u001b[39m","time":"2016-07-26T16:13:13.294Z","v":0}
{"name":"hexo","hostname":"3cea3b0f60a2","pid":629,"level":20,"msg":"Processed: \u001b[35mlanguages/en.yml\u001b[39m","time":"2016-07-26T16:13:13.295Z","v":0}
{"name":"hexo","hostname":"3cea3b0f60a2","pid":629,"level":20,"msg":"Processed: \u001b[35mlanguages/ja.yml\u001b[39m","time":"2016-07-26T16:13:13.296Z","v":0}
{"name":"hexo","hostname":"3cea3b0f60a2","pid":629,"level":20,"msg":"Processed: \u001b[35mlanguages/de.yml\u001b[39m","time":"2016-07-26T16:13:13.298Z","v":0}
{"name":"hexo","hostname":"3cea3b0f60a2","pid":629,"level":20,"msg":"Processed: \u001b[35mlanguages/pt-BR.yml\u001b[39m","time":"2016-07-26T16:13:13.298Z","v":0}
{"name":"hexo","hostname":"3cea3b0f60a2","pid":629,"level":20,"msg":"Processed: \u001b[35mlanguages/ru.yml\u001b[39m","time":"2016-07-26T16:13:13.299Z","v":0}
{"name":"hexo","hostname":"3cea3b0f60a2","pid":629,"level":20,"msg":"Processed: \u001b[35mlanguages/zh-Hans.yml\u001b[39m","time":"2016-07-26T16:13:13.300Z","v":0}
{"name":"hexo","hostname":"3cea3b0f60a2","pid":629,"level":20,"msg":"Processed: \u001b[35mlanguages/fr-FR.yml\u001b[39m","time":"2016-07-26T16:13:13.301Z","v":0}
{"name":"hexo","hostname":"3cea3b0f60a2","pid":629,"level":20,"msg":"Processed: \u001b[35mlanguages/zh-hk.yml\u001b[39m","time":"2016-07-26T16:13:13.303Z","v":0}
{"name":"hexo","hostname":"3cea3b0f60a2","pid":629,"level":20,"msg":"Processed: \u001b[35mlanguages/pt.yml\u001b[39m","time":"2016-07-26T16:13:13.303Z","v":0}
{"name":"hexo","hostname":"3cea3b0f60a2","pid":629,"level":20,"msg":"Processed: \u001b[35mlanguages/id.yml\u001b[39m","time":"2016-07-26T16:13:13.305Z","v":0}
{"name":"hexo","hostname":"3cea3b0f60a2","pid":629,"level":20,"msg":"Processed: \u001b[35mlanguages/zh-tw.yml\u001b[39m","time":"2016-07-26T16:13:13.306Z","v":0}
{"name":"hexo","hostname":"3cea3b0f60a2","pid":629,"level":20,"msg":"Processed: \u001b[35msource/js/src/bootstrap.js\u001b[39m","time":"2016-07-26T16:13:13.355Z","v":0}
{"name":"hexo","hostname":"3cea3b0f60a2","pid":629,"level":20,"msg":"Processed: \u001b[35msource/js/src/motion.js\u001b[39m","time":"2016-07-26T16:13:13.357Z","v":0}
{"name":"hexo","hostname":"3cea3b0f60a2","pid":629,"level":20,"msg":"Processed: \u001b[35msource/js/src/hook-duoshuo.js\u001b[39m","time":"2016-07-26T16:13:13.360Z","v":0}
{"name":"hexo","hostname":"3cea3b0f60a2","pid":629,"level":20,"msg":"Processed: \u001b[35msource/js/src/affix.js\u001b[39m","time":"2016-07-26T16:13:13.362Z","v":0}
{"name":"hexo","hostname":"3cea3b0f60a2","pid":629,"level":20,"msg":"Processed: \u001b[35msource/js/src/utils.js\u001b[39m","time":"2016-07-26T16:13:13.364Z","v":0}
{"name":"hexo","hostname":"3cea3b0f60a2","pid":629,"level":20,"msg":"Processed: \u001b[35msource/js/src/scrollspy.js\u001b[39m","time":"2016-07-26T16:13:13.365Z","v":0}
{"name":"hexo","hostname":"3cea3b0f60a2","pid":629,"level":20,"msg":"Processed: \u001b[35msource/js/src/post-details.js\u001b[39m","time":"2016-07-26T16:13:13.367Z","v":0}
{"name":"hexo","hostname":"3cea3b0f60a2","pid":629,"level":20,"msg":"Processed: \u001b[35msource/vendors/fastclick/README.md\u001b[39m","time":"2016-07-26T16:13:13.368Z","v":0}
{"name":"hexo","hostname":"3cea3b0f60a2","pid":629,"level":20,"msg":"Processed: \u001b[35msource/vendors/fastclick/bower.json\u001b[39m","time":"2016-07-26T16:13:13.370Z","v":0}
{"name":"hexo","hostname":"3cea3b0f60a2","pid":629,"level":20,"msg":"Processed: \u001b[35msource/vendors/fastclick/LICENSE\u001b[39m","time":"2016-07-26T16:13:13.409Z","v":0}
{"name":"hexo","hostname":"3cea3b0f60a2","pid":629,"level":20,"msg":"Processed: \u001b[35msource/vendors/font-awesome/HELP-US-OUT.txt\u001b[39m","time":"2016-07-26T16:13:13.411Z","v":0}
{"name":"hexo","hostname":"3cea3b0f60a2","pid":629,"level":20,"msg":"Processed: \u001b[35msource/vendors/font-awesome/bower.json\u001b[39m","time":"2016-07-26T16:13:13.413Z","v":0}
{"name":"hexo","hostname":"3cea3b0f60a2","pid":629,"level":20,"msg":"Processed: \u001b[35msource/vendors/velocity/bower.json\u001b[39m","time":"2016-07-26T16:13:13.415Z","v":0}
{"name":"hexo","hostname":"3cea3b0f60a2","pid":629,"level":20,"msg":"Processed: \u001b[35msource/vendors/velocity/velocity.min.js\u001b[39m","time":"2016-07-26T16:13:13.416Z","v":0}
{"name":"hexo","hostname":"3cea3b0f60a2","pid":629,"level":20,"msg":"Processed: \u001b[35msource/vendors/velocity/velocity.ui.js\u001b[39m","time":"2016-07-26T16:13:13.419Z","v":0}
{"name":"hexo","hostname":"3cea3b0f60a2","pid":629,"level":20,"msg":"Processed: \u001b[35msource/vendors/jquery_lazyload/CONTRIBUTING.md\u001b[39m","time":"2016-07-26T16:13:13.419Z","v":0}
{"name":"hexo","hostname":"3cea3b0f60a2","pid":629,"level":20,"msg":"Processed: \u001b[35msource/vendors/velocity/velocity.ui.min.js\u001b[39m","time":"2016-07-26T16:13:13.420Z","v":0}
{"name":"hexo","hostname":"3cea3b0f60a2","pid":629,"level":20,"msg":"Processed: \u001b[35msource/vendors/jquery_lazyload/README.md\u001b[39m","time":"2016-07-26T16:13:13.421Z","v":0}
{"name":"hexo","hostname":"3cea3b0f60a2","pid":629,"level":20,"msg":"Processed: \u001b[35msource/vendors/jquery_lazyload/bower.json\u001b[39m","time":"2016-07-26T16:13:13.422Z","v":0}
{"name":"hexo","hostname":"3cea3b0f60a2","pid":629,"level":20,"msg":"Processed: \u001b[35msource/vendors/jquery_lazyload/jquery.scrollstop.js\u001b[39m","time":"2016-07-26T16:13:13.423Z","v":0}
{"name":"hexo","hostname":"3cea3b0f60a2","pid":629,"level":20,"msg":"Processed: \u001b[35msource/vendors/jquery_lazyload/jquery.lazyload.js\u001b[39m","time":"2016-07-26T16:13:13.423Z","v":0}
{"name":"hexo","hostname":"3cea3b0f60a2","pid":629,"level":20,"msg":"Processed: \u001b[35msource/vendors/jquery/index.js\u001b[39m","time":"2016-07-26T16:13:13.490Z","v":0}
{"name":"hexo","hostname":"3cea3b0f60a2","pid":629,"level":20,"msg":"Processed: \u001b[35mlayout/_macro/sidebar.swig\u001b[39m","time":"2016-07-26T16:13:13.596Z","v":0}
{"name":"hexo","hostname":"3cea3b0f60a2","pid":629,"level":20,"msg":"Processed: \u001b[35mlayout/_macro/post.swig\u001b[39m","time":"2016-07-26T16:13:13.597Z","v":0}
{"name":"hexo","hostname":"3cea3b0f60a2","pid":629,"level":20,"msg":"Processed: \u001b[35mlayout/_macro/reward.swig\u001b[39m","time":"2016-07-26T16:13:13.598Z","v":0}
{"name":"hexo","hostname":"3cea3b0f60a2","pid":629,"level":20,"msg":"Processed: \u001b[35mlayout/_macro/post-collapse.swig\u001b[39m","time":"2016-07-26T16:13:13.599Z","v":0}
{"name":"hexo","hostname":"3cea3b0f60a2","pid":629,"level":20,"msg":"Processed: \u001b[35mlayout/_partials/duoshuo-hot-articles.swig\u001b[39m","time":"2016-07-26T16:13:13.599Z","v":0}
{"name":"hexo","hostname":"3cea3b0f60a2","pid":629,"level":20,"msg":"Processed: \u001b[35mlayout/_partials/comments.swig\u001b[39m","time":"2016-07-26T16:13:13.600Z","v":0}
{"name":"hexo","hostname":"3cea3b0f60a2","pid":629,"level":20,"msg":"Processed: \u001b[35mlayout/_macro/wechat-subscriber.swig\u001b[39m","time":"2016-07-26T16:13:13.601Z","v":0}
{"name":"hexo","hostname":"3cea3b0f60a2","pid":629,"level":20,"msg":"Processed: \u001b[35mlayout/_partials/footer.swig\u001b[39m","time":"2016-07-26T16:13:13.601Z","v":0}
{"name":"hexo","hostname":"3cea3b0f60a2","pid":629,"level":20,"msg":"Processed: \u001b[35mlayout/_partials/header.swig\u001b[39m","time":"2016-07-26T16:13:13.602Z","v":0}
{"name":"hexo","hostname":"3cea3b0f60a2","pid":629,"level":20,"msg":"Processed: \u001b[35mlayout/_partials/search.swig\u001b[39m","time":"2016-07-26T16:13:13.603Z","v":0}
{"name":"hexo","hostname":"3cea3b0f60a2","pid":629,"level":20,"msg":"Processed: \u001b[35mlayout/_partials/pagination.swig\u001b[39m","time":"2016-07-26T16:13:13.603Z","v":0}
{"name":"hexo","hostname":"3cea3b0f60a2","pid":629,"level":20,"msg":"Processed: \u001b[35mlayout/_partials/head.swig\u001b[39m","time":"2016-07-26T16:13:13.603Z","v":0}
{"name":"hexo","hostname":"3cea3b0f60a2","pid":629,"level":20,"msg":"Processed: \u001b[35mlayout/_scripts/commons.swig\u001b[39m","time":"2016-07-26T16:13:13.604Z","v":0}
{"name":"hexo","hostname":"3cea3b0f60a2","pid":629,"level":20,"msg":"Processed: \u001b[35mlayout/_scripts/vendors.swig\u001b[39m","time":"2016-07-26T16:13:13.604Z","v":0}
{"name":"hexo","hostname":"3cea3b0f60a2","pid":629,"level":20,"msg":"Processed: \u001b[35mlayout/_scripts/boostrap.swig\u001b[39m","time":"2016-07-26T16:13:13.604Z","v":0}
{"name":"hexo","hostname":"3cea3b0f60a2","pid":629,"level":20,"msg":"Processed: \u001b[35mlayout/_scripts/baidu-push.swig\u001b[39m","time":"2016-07-26T16:13:13.605Z","v":0}
{"name":"hexo","hostname":"3cea3b0f60a2","pid":629,"level":20,"msg":"Processed: \u001b[35msource/vendors/fancybox/source/blank.gif\u001b[39m","time":"2016-07-26T16:13:13.608Z","v":0}
{"name":"hexo","hostname":"3cea3b0f60a2","pid":629,"level":20,"msg":"Processed: \u001b[35msource/js/src/schemes/pisces.js\u001b[39m","time":"2016-07-26T16:13:13.610Z","v":0}
{"name":"hexo","hostname":"3cea3b0f60a2","pid":629,"level":20,"msg":"Processed: \u001b[35msource/vendors/fancybox/source/fancybox_sprite.png\u001b[39m","time":"2016-07-26T16:13:13.611Z","v":0}
{"name":"hexo","hostname":"3cea3b0f60a2","pid":629,"level":20,"msg":"Processed: \u001b[35msource/vendors/fancybox/source/fancybox_loading@2x.gif\u001b[39m","time":"2016-07-26T16:13:13.612Z","v":0}
{"name":"hexo","hostname":"3cea3b0f60a2","pid":629,"level":20,"msg":"Processed: \u001b[35msource/vendors/fancybox/source/fancybox_overlay.png\u001b[39m","time":"2016-07-26T16:13:13.613Z","v":0}
{"name":"hexo","hostname":"3cea3b0f60a2","pid":629,"level":20,"msg":"Processed: \u001b[35msource/vendors/fancybox/source/fancybox_sprite@2x.png\u001b[39m","time":"2016-07-26T16:13:13.613Z","v":0}
{"name":"hexo","hostname":"3cea3b0f60a2","pid":629,"level":20,"msg":"Processed: \u001b[35msource/vendors/fancybox/source/fancybox_loading.gif\u001b[39m","time":"2016-07-26T16:13:13.614Z","v":0}
{"name":"hexo","hostname":"3cea3b0f60a2","pid":629,"level":20,"msg":"Processed: \u001b[35msource/vendors/fancybox/source/jquery.fancybox.css\u001b[39m","time":"2016-07-26T16:13:13.615Z","v":0}
{"name":"hexo","hostname":"3cea3b0f60a2","pid":629,"level":20,"msg":"Processed: \u001b[35msource/vendors/fancybox/source/jquery.fancybox.js\u001b[39m","time":"2016-07-26T16:13:13.615Z","v":0}
{"name":"hexo","hostname":"3cea3b0f60a2","pid":629,"level":20,"msg":"Processed: \u001b[35msource/vendors/fancybox/source/jquery.fancybox.pack.js\u001b[39m","time":"2016-07-26T16:13:13.616Z","v":0}
{"name":"hexo","hostname":"3cea3b0f60a2","pid":629,"level":20,"msg":"Processed: \u001b[35msource/vendors/fastclick/lib/fastclick.min.js\u001b[39m","time":"2016-07-26T16:13:13.617Z","v":0}
{"name":"hexo","hostname":"3cea3b0f60a2","pid":629,"level":20,"msg":"Processed: \u001b[35msource/vendors/font-awesome/css/font-awesome.min.css\u001b[39m","time":"2016-07-26T16:13:13.618Z","v":0}
{"name":"hexo","hostname":"3cea3b0f60a2","pid":629,"level":20,"msg":"Processed: \u001b[35msource/vendors/font-awesome/css/font-awesome.css.map\u001b[39m","time":"2016-07-26T16:13:13.618Z","v":0}
{"name":"hexo","hostname":"3cea3b0f60a2","pid":629,"level":20,"msg":"Processed: \u001b[35msource/vendors/font-awesome/css/font-awesome.css\u001b[39m","time":"2016-07-26T16:13:13.619Z","v":0}
{"name":"hexo","hostname":"3cea3b0f60a2","pid":629,"level":20,"msg":"Processed: \u001b[35msource/vendors/fastclick/lib/fastclick.js\u001b[39m","time":"2016-07-26T16:13:13.620Z","v":0}
{"name":"hexo","hostname":"3cea3b0f60a2","pid":629,"level":20,"msg":"Processed: \u001b[35msource/vendors/font-awesome/fonts/fontawesome-webfont.woff2\u001b[39m","time":"2016-07-26T16:13:13.621Z","v":0}
{"name":"hexo","hostname":"3cea3b0f60a2","pid":629,"level":20,"msg":"Processed: \u001b[35msource/vendors/ua-parser-js/dist/ua-parser.pack.js\u001b[39m","time":"2016-07-26T16:13:13.622Z","v":0}
{"name":"hexo","hostname":"3cea3b0f60a2","pid":629,"level":20,"msg":"Processed: \u001b[35msource/vendors/ua-parser-js/dist/ua-parser.min.js\u001b[39m","time":"2016-07-26T16:13:13.622Z","v":0}
{"name":"hexo","hostname":"3cea3b0f60a2","pid":629,"level":20,"msg":"Processed: \u001b[35mlayout/_scripts/schemes/mist.swig\u001b[39m","time":"2016-07-26T16:13:13.655Z","v":0}
{"name":"hexo","hostname":"3cea3b0f60a2","pid":629,"level":20,"msg":"Processed: \u001b[35mlayout/_scripts/schemes/muse.swig\u001b[39m","time":"2016-07-26T16:13:13.655Z","v":0}
{"name":"hexo","hostname":"3cea3b0f60a2","pid":629,"level":20,"msg":"Processed: \u001b[35mlayout/_partials/search/tinysou.swig\u001b[39m","time":"2016-07-26T16:13:13.656Z","v":0}
{"name":"hexo","hostname":"3cea3b0f60a2","pid":629,"level":20,"msg":"Processed: \u001b[35mlayout/_partials/head/external-fonts.swig\u001b[39m","time":"2016-07-26T16:13:13.657Z","v":0}
{"name":"hexo","hostname":"3cea3b0f60a2","pid":629,"level":20,"msg":"Processed: \u001b[35mlayout/_partials/share/add-this.swig\u001b[39m","time":"2016-07-26T16:13:13.658Z","v":0}
{"name":"hexo","hostname":"3cea3b0f60a2","pid":629,"level":20,"msg":"Processed: \u001b[35mlayout/_partials/search/localsearch.swig\u001b[39m","time":"2016-07-26T16:13:13.659Z","v":0}
{"name":"hexo","hostname":"3cea3b0f60a2","pid":629,"level":20,"msg":"Processed: \u001b[35mlayout/_partials/share/jiathis.swig\u001b[39m","time":"2016-07-26T16:13:13.659Z","v":0}
{"name":"hexo","hostname":"3cea3b0f60a2","pid":629,"level":20,"msg":"Processed: \u001b[35mlayout/_partials/search/swiftype.swig\u001b[39m","time":"2016-07-26T16:13:13.662Z","v":0}
{"name":"hexo","hostname":"3cea3b0f60a2","pid":629,"level":20,"msg":"Processed: \u001b[35mlayout/_partials/share/baidushare.swig\u001b[39m","time":"2016-07-26T16:13:13.662Z","v":0}
{"name":"hexo","hostname":"3cea3b0f60a2","pid":629,"level":20,"msg":"Processed: \u001b[35mlayout/_partials/share/duoshuo_share.swig\u001b[39m","time":"2016-07-26T16:13:13.663Z","v":0}
{"name":"hexo","hostname":"3cea3b0f60a2","pid":629,"level":20,"msg":"Processed: \u001b[35mlayout/_scripts/pages/post-details.swig\u001b[39m","time":"2016-07-26T16:13:13.663Z","v":0}
{"name":"hexo","hostname":"3cea3b0f60a2","pid":629,"level":20,"msg":"Processed: \u001b[35mlayout/_scripts/third-party/localsearch.swig\u001b[39m","time":"2016-07-26T16:13:13.664Z","v":0}
{"name":"hexo","hostname":"3cea3b0f60a2","pid":629,"level":20,"msg":"Processed: \u001b[35mlayout/_scripts/third-party/comments.swig\u001b[39m","time":"2016-07-26T16:13:13.664Z","v":0}
{"name":"hexo","hostname":"3cea3b0f60a2","pid":629,"level":20,"msg":"Processed: \u001b[35mlayout/_scripts/third-party/lean-analytics.swig\u001b[39m","time":"2016-07-26T16:13:13.665Z","v":0}
{"name":"hexo","hostname":"3cea3b0f60a2","pid":629,"level":20,"msg":"Processed: \u001b[35mlayout/_scripts/third-party/mathjax.swig\u001b[39m","time":"2016-07-26T16:13:13.665Z","v":0}
{"name":"hexo","hostname":"3cea3b0f60a2","pid":629,"level":20,"msg":"Processed: \u001b[35mlayout/_scripts/third-party/tinysou.swig\u001b[39m","time":"2016-07-26T16:13:13.665Z","v":0}
{"name":"hexo","hostname":"3cea3b0f60a2","pid":629,"level":20,"msg":"Processed: \u001b[35mlayout/_scripts/third-party/analytics.swig\u001b[39m","time":"2016-07-26T16:13:13.665Z","v":0}
{"name":"hexo","hostname":"3cea3b0f60a2","pid":629,"level":20,"msg":"Processed: \u001b[35msource/vendors/font-awesome/fonts/fontawesome-webfont.woff\u001b[39m","time":"2016-07-26T16:13:13.666Z","v":0}
{"name":"hexo","hostname":"3cea3b0f60a2","pid":629,"level":20,"msg":"Processed: \u001b[35msource/vendors/font-awesome/fonts/fontawesome-webfont.eot\u001b[39m","time":"2016-07-26T16:13:13.667Z","v":0}
{"name":"hexo","hostname":"3cea3b0f60a2","pid":629,"level":20,"msg":"Processed: \u001b[35msource/vendors/font-awesome/fonts/FontAwesome.otf\u001b[39m","time":"2016-07-26T16:13:13.668Z","v":0}
{"name":"hexo","hostname":"3cea3b0f60a2","pid":629,"level":20,"msg":"Processed: \u001b[35msource/vendors/velocity/velocity.js\u001b[39m","time":"2016-07-26T16:13:13.668Z","v":0}
{"name":"hexo","hostname":"3cea3b0f60a2","pid":629,"level":20,"msg":"Processed: \u001b[35mlayout/_scripts/schemes/pisces.swig\u001b[39m","time":"2016-07-26T16:13:13.679Z","v":0}
{"name":"hexo","hostname":"3cea3b0f60a2","pid":629,"level":20,"msg":"Processed: \u001b[35msource/vendors/fancybox/source/helpers/fancybox_buttons.png\u001b[39m","time":"2016-07-26T16:13:13.693Z","v":0}
{"name":"hexo","hostname":"3cea3b0f60a2","pid":629,"level":20,"msg":"Processed: \u001b[35msource/vendors/fancybox/source/helpers/jquery.fancybox-buttons.js\u001b[39m","time":"2016-07-26T16:13:13.696Z","v":0}
{"name":"hexo","hostname":"3cea3b0f60a2","pid":629,"level":20,"msg":"Processed: \u001b[35msource/vendors/fancybox/source/helpers/jquery.fancybox-media.js\u001b[39m","time":"2016-07-26T16:13:13.699Z","v":0}
{"name":"hexo","hostname":"3cea3b0f60a2","pid":629,"level":20,"msg":"Processed: \u001b[35msource/vendors/fancybox/source/helpers/jquery.fancybox-buttons.css\u001b[39m","time":"2016-07-26T16:13:13.702Z","v":0}
{"name":"hexo","hostname":"3cea3b0f60a2","pid":629,"level":20,"msg":"Processed: \u001b[35msource/vendors/fancybox/source/helpers/jquery.fancybox-thumbs.css\u001b[39m","time":"2016-07-26T16:13:13.703Z","v":0}
{"name":"hexo","hostname":"3cea3b0f60a2","pid":629,"level":20,"msg":"Processed: \u001b[35msource/vendors/fancybox/source/helpers/jquery.fancybox-thumbs.js\u001b[39m","time":"2016-07-26T16:13:13.704Z","v":0}
{"name":"hexo","hostname":"3cea3b0f60a2","pid":629,"level":20,"msg":"Processed: \u001b[35msource/vendors/font-awesome/fonts/fontawesome-webfont.ttf\u001b[39m","time":"2016-07-26T16:13:13.704Z","v":0}
{"name":"hexo","hostname":"3cea3b0f60a2","pid":629,"level":20,"msg":"Processed: \u001b[35mlayout/_scripts/third-party/analytics/cnzz-analytics.swig\u001b[39m","time":"2016-07-26T16:13:13.713Z","v":0}
{"name":"hexo","hostname":"3cea3b0f60a2","pid":629,"level":20,"msg":"Processed: \u001b[35mlayout/_scripts/third-party/analytics/facebook-sdk.swig\u001b[39m","time":"2016-07-26T16:13:13.714Z","v":0}
{"name":"hexo","hostname":"3cea3b0f60a2","pid":629,"level":20,"msg":"Processed: \u001b[35mlayout/_scripts/third-party/analytics/busuanzi-counter.swig\u001b[39m","time":"2016-07-26T16:13:13.714Z","v":0}
{"name":"hexo","hostname":"3cea3b0f60a2","pid":629,"level":20,"msg":"Processed: \u001b[35mlayout/_scripts/third-party/analytics/baidu-analytics.swig\u001b[39m","time":"2016-07-26T16:13:13.714Z","v":0}
{"name":"hexo","hostname":"3cea3b0f60a2","pid":629,"level":20,"msg":"Processed: \u001b[35mlayout/_scripts/third-party/analytics/google-analytics.swig\u001b[39m","time":"2016-07-26T16:13:13.720Z","v":0}
{"name":"hexo","hostname":"3cea3b0f60a2","pid":629,"level":20,"msg":"Processed: \u001b[35mlayout/_scripts/third-party/comments/disqus.swig\u001b[39m","time":"2016-07-26T16:13:13.720Z","v":0}
{"name":"hexo","hostname":"3cea3b0f60a2","pid":629,"level":20,"msg":"Processed: \u001b[35mlayout/_scripts/third-party/comments/duoshuo.swig\u001b[39m","time":"2016-07-26T16:13:13.721Z","v":0}
{"name":"hexo","hostname":"3cea3b0f60a2","pid":629,"level":20,"msg":"Processed: \u001b[35mlayout/_scripts/third-party/analytics/tencent-analytics.swig\u001b[39m","time":"2016-07-26T16:13:13.721Z","v":0}
{"name":"hexo","hostname":"3cea3b0f60a2","pid":629,"level":20,"msg":"Processed: \u001b[35msource/vendors/font-awesome/fonts/fontawesome-webfont.svg\u001b[39m","time":"2016-07-26T16:13:13.724Z","v":0}
{"name":"hexo","hostname":"3cea3b0f60a2","pid":629,"level":20,"msg":"Processed: \u001b[35mlanguages/.zh-Hans.yml.swp\u001b[39m","time":"2016-07-26T16:13:13.814Z","v":0}
{"name":"hexo","hostname":"3cea3b0f60a2","pid":629,"level":20,"msg":"Generator: \u001b[35mpage\u001b[39m","time":"2016-07-26T16:13:14.189Z","v":0}
{"name":"hexo","hostname":"3cea3b0f60a2","pid":629,"level":20,"msg":"Generator: \u001b[35mpost\u001b[39m","time":"2016-07-26T16:13:14.189Z","v":0}
{"name":"hexo","hostname":"3cea3b0f60a2","pid":629,"level":20,"msg":"Generator: \u001b[35marchive\u001b[39m","time":"2016-07-26T16:13:14.190Z","v":0}
{"name":"hexo","hostname":"3cea3b0f60a2","pid":629,"level":20,"msg":"Generator: \u001b[35mcategory\u001b[39m","time":"2016-07-26T16:13:14.191Z","v":0}
{"name":"hexo","hostname":"3cea3b0f60a2","pid":629,"level":20,"msg":"Generator: \u001b[35mfeed\u001b[39m","time":"2016-07-26T16:13:14.191Z","v":0}
{"name":"hexo","hostname":"3cea3b0f60a2","pid":629,"level":20,"msg":"Generator: \u001b[35mindex\u001b[39m","time":"2016-07-26T16:13:14.192Z","v":0}
{"name":"hexo","hostname":"3cea3b0f60a2","pid":629,"level":20,"msg":"Generator: \u001b[35msitemap\u001b[39m","time":"2016-07-26T16:13:14.192Z","v":0}
{"name":"hexo","hostname":"3cea3b0f60a2","pid":629,"level":20,"msg":"Generator: \u001b[35mtag\u001b[39m","time":"2016-07-26T16:13:14.192Z","v":0}
{"name":"hexo","hostname":"3cea3b0f60a2","pid":629,"level":20,"msg":"Generator: \u001b[35masset\u001b[39m","time":"2016-07-26T16:13:14.195Z","v":0}
{"name":"hexo","hostname":"3cea3b0f60a2","pid":629,"level":30,"msg":"Files loaded in \u001b[36m3.52 s\u001b[39m","time":"2016-07-26T16:13:14.387Z","v":0}
{"name":"hexo","hostname":"3cea3b0f60a2","pid":629,"level":20,"msg":"Rendering page: \u001b[35m404.html\u001b[39m","time":"2016-07-26T16:13:14.462Z","v":0}
{"name":"hexo","hostname":"3cea3b0f60a2","pid":629,"level":20,"msg":"Rendering page: \u001b[35mabout/index.html\u001b[39m","time":"2016-07-26T16:13:15.590Z","v":0}
{"name":"hexo","hostname":"3cea3b0f60a2","pid":629,"level":20,"msg":"Rendering post: \u001b[35mrenshegnyuanbiancheng/index.html\u001b[39m","time":"2016-07-26T16:13:15.725Z","v":0}
{"name":"hexo","hostname":"3cea3b0f60a2","pid":629,"level":20,"msg":"Rendering post: \u001b[35moauth-and-sso/index.html\u001b[39m","time":"2016-07-26T16:13:15.918Z","v":0}
{"name":"hexo","hostname":"3cea3b0f60a2","pid":629,"level":20,"msg":"Rendering post: \u001b[35mbashijiandangzuopengyou/index.html\u001b[39m","time":"2016-07-26T16:13:16.081Z","v":0}
{"name":"hexo","hostname":"3cea3b0f60a2","pid":629,"level":20,"msg":"Rendering post: \u001b[35mrun-for-fun/index.html\u001b[39m","time":"2016-07-26T16:13:16.255Z","v":0}
{"name":"hexo","hostname":"3cea3b0f60a2","pid":629,"level":20,"msg":"Rendering post: \u001b[35mwoyiranainiwozhishibuxihuannile/index.html\u001b[39m","time":"2016-07-26T16:13:16.417Z","v":0}
{"name":"hexo","hostname":"3cea3b0f60a2","pid":629,"level":20,"msg":"Rendering post: \u001b[35manshijian/index.html\u001b[39m","time":"2016-07-26T16:13:16.587Z","v":0}
{"name":"hexo","hostname":"3cea3b0f60a2","pid":629,"level":20,"msg":"Rendering post: \u001b[35mtornado-asynchronous/index.html\u001b[39m","time":"2016-07-26T16:13:16.745Z","v":0}
{"name":"hexo","hostname":"3cea3b0f60a2","pid":629,"level":20,"msg":"Rendering post: \u001b[35mbashengminglangfeizaimeihaodeshiwushang/index.html\u001b[39m","time":"2016-07-26T16:13:16.897Z","v":0}
{"name":"hexo","hostname":"3cea3b0f60a2","pid":629,"level":20,"msg":"Rendering post: \u001b[35mterriable-lazy/index.html\u001b[39m","time":"2016-07-26T16:13:17.043Z","v":0}
{"name":"hexo","hostname":"3cea3b0f60a2","pid":629,"level":20,"msg":"Rendering post: \u001b[35mweb-application-scenarios/index.html\u001b[39m","time":"2016-07-26T16:13:17.208Z","v":0}
{"name":"hexo","hostname":"3cea3b0f60a2","pid":629,"level":20,"msg":"Rendering post: \u001b[35mmysql-multi-instance/index.html\u001b[39m","time":"2016-07-26T16:13:17.355Z","v":0}
{"name":"hexo","hostname":"3cea3b0f60a2","pid":629,"level":20,"msg":"Rendering post: \u001b[35mbye-myhome/index.html\u001b[39m","time":"2016-07-26T16:13:17.522Z","v":0}
{"name":"hexo","hostname":"3cea3b0f60a2","pid":629,"level":20,"msg":"Rendering post: \u001b[35msanti/index.html\u001b[39m","time":"2016-07-26T16:13:17.679Z","v":0}
{"name":"hexo","hostname":"3cea3b0f60a2","pid":629,"level":20,"msg":"Rendering post: \u001b[35mmy-university/index.html\u001b[39m","time":"2016-07-26T16:13:17.825Z","v":0}
{"name":"hexo","hostname":"3cea3b0f60a2","pid":629,"level":20,"msg":"Rendering post: \u001b[35mdongwuzhuangyuan/index.html\u001b[39m","time":"2016-07-26T16:13:17.985Z","v":0}
{"name":"hexo","hostname":"3cea3b0f60a2","pid":629,"level":20,"msg":"Rendering post: \u001b[35mmysql-update/index.html\u001b[39m","time":"2016-07-26T16:13:18.138Z","v":0}
{"name":"hexo","hostname":"3cea3b0f60a2","pid":629,"level":20,"msg":"Rendering post: \u001b[35mmaitianshouwangzhe/index.html\u001b[39m","time":"2016-07-26T16:13:18.409Z","v":0}
{"name":"hexo","hostname":"3cea3b0f60a2","pid":629,"level":20,"msg":"Rendering post: \u001b[35mmysql-master-slave/index.html\u001b[39m","time":"2016-07-26T16:13:18.640Z","v":0}
{"name":"hexo","hostname":"3cea3b0f60a2","pid":629,"level":20,"msg":"Rendering post: \u001b[35mpython-multithreading-multiprocess/index.html\u001b[39m","time":"2016-07-26T16:13:18.804Z","v":0}
{"name":"hexo","hostname":"3cea3b0f60a2","pid":629,"level":20,"msg":"Rendering post: \u001b[35mmysql-migration/index.html\u001b[39m","time":"2016-07-26T16:13:18.996Z","v":0}
{"name":"hexo","hostname":"3cea3b0f60a2","pid":629,"level":20,"msg":"Rendering post: \u001b[35mdesign-pattern/index.html\u001b[39m","time":"2016-07-26T16:13:19.156Z","v":0}
{"name":"hexo","hostname":"3cea3b0f60a2","pid":629,"level":20,"msg":"Rendering post: \u001b[35mmysql-optimization/index.html\u001b[39m","time":"2016-07-26T16:13:19.333Z","v":0}
{"name":"hexo","hostname":"3cea3b0f60a2","pid":629,"level":20,"msg":"Rendering post: \u001b[35mmysql-design-tips/index.html\u001b[39m","time":"2016-07-26T16:13:19.508Z","v":0}
{"name":"hexo","hostname":"3cea3b0f60a2","pid":629,"level":20,"msg":"Rendering post: \u001b[35mraspberrypi/index.html\u001b[39m","time":"2016-07-26T16:13:19.666Z","v":0}
{"name":"hexo","hostname":"3cea3b0f60a2","pid":629,"level":20,"msg":"Rendering post: \u001b[35mdatabase-application-scenarios/index.html\u001b[39m","time":"2016-07-26T16:13:19.833Z","v":0}
{"name":"hexo","hostname":"3cea3b0f60a2","pid":629,"level":20,"msg":"Rendering post: \u001b[35mpython-requests/index.html\u001b[39m","time":"2016-07-26T16:13:19.985Z","v":0}
{"name":"hexo","hostname":"3cea3b0f60a2","pid":629,"level":20,"msg":"Rendering post: \u001b[35minternal-network-penetration/index.html\u001b[39m","time":"2016-07-26T16:13:20.143Z","v":0}
{"name":"hexo","hostname":"3cea3b0f60a2","pid":629,"level":20,"msg":"Rendering post: \u001b[35mblog-revision/index.html\u001b[39m","time":"2016-07-26T16:13:20.295Z","v":0}
{"name":"hexo","hostname":"3cea3b0f60a2","pid":629,"level":20,"msg":"Rendering post: \u001b[35mpython-connect-mysql/index.html\u001b[39m","time":"2016-07-26T16:13:20.436Z","v":0}
{"name":"hexo","hostname":"3cea3b0f60a2","pid":629,"level":20,"msg":"Rendering post: \u001b[35msupervisor-manage-processor/index.html\u001b[39m","time":"2016-07-26T16:13:20.591Z","v":0}
{"name":"hexo","hostname":"3cea3b0f60a2","pid":629,"level":20,"msg":"Rendering post: \u001b[35mssl-jks-to-pem/index.html\u001b[39m","time":"2016-07-26T16:13:20.732Z","v":0}
{"name":"hexo","hostname":"3cea3b0f60a2","pid":629,"level":20,"msg":"Rendering post: \u001b[35mfunction-coding-coolshell/index.html\u001b[39m","time":"2016-07-26T16:13:20.878Z","v":0}
{"name":"hexo","hostname":"3cea3b0f60a2","pid":629,"level":20,"msg":"Rendering post: \u001b[35mapache-vs-nginx/index.html\u001b[39m","time":"2016-07-26T16:13:21.048Z","v":0}
{"name":"hexo","hostname":"3cea3b0f60a2","pid":629,"level":20,"msg":"Rendering post: \u001b[35mpdb-\tdebug-python/index.html\u001b[39m","time":"2016-07-26T16:13:21.204Z","v":0}
{"name":"hexo","hostname":"3cea3b0f60a2","pid":629,"level":20,"msg":"Rendering post: \u001b[35mlaravel-container/index.html\u001b[39m","time":"2016-07-26T16:13:21.364Z","v":0}
{"name":"hexo","hostname":"3cea3b0f60a2","pid":629,"level":20,"msg":"Rendering post: \u001b[35mpython-use-redis/index.html\u001b[39m","time":"2016-07-26T16:13:21.525Z","v":0}
{"name":"hexo","hostname":"3cea3b0f60a2","pid":629,"level":20,"msg":"Rendering post: \u001b[35mthe-end-of-junior/index.html\u001b[39m","time":"2016-07-26T16:13:21.670Z","v":0}
{"name":"hexo","hostname":"3cea3b0f60a2","pid":629,"level":20,"msg":"Rendering post: \u001b[35mpython-beautifulsoup-parse-html-xml/index.html\u001b[39m","time":"2016-07-26T16:13:21.824Z","v":0}
{"name":"hexo","hostname":"3cea3b0f60a2","pid":629,"level":20,"msg":"Rendering post: \u001b[35mlaravel-IoC-DI/index.html\u001b[39m","time":"2016-07-26T16:13:21.970Z","v":0}
{"name":"hexo","hostname":"3cea3b0f60a2","pid":629,"level":20,"msg":"Rendering post: \u001b[35mvps-nginx-reverse-proxy/index.html\u001b[39m","time":"2016-07-26T16:13:22.172Z","v":0}
{"name":"hexo","hostname":"3cea3b0f60a2","pid":629,"level":20,"msg":"Rendering post: \u001b[35mtiancaizaizuo,fengzizaiyou/index.html\u001b[39m","time":"2016-07-26T16:13:22.455Z","v":0}
{"name":"hexo","hostname":"3cea3b0f60a2","pid":629,"level":20,"msg":"Rendering post: \u001b[35mchengxuyuanjiankangzhinan/index.html\u001b[39m","time":"2016-07-26T16:13:22.635Z","v":0}
{"name":"hexo","hostname":"3cea3b0f60a2","pid":629,"level":20,"msg":"Rendering post: \u001b[35mnidegudu,suibaiyourong/index.html\u001b[39m","time":"2016-07-26T16:13:22.788Z","v":0}
{"name":"hexo","hostname":"3cea3b0f60a2","pid":629,"level":20,"msg":"Rendering post: \u001b[35mchongxinrenshiniziji/index.html\u001b[39m","time":"2016-07-26T16:13:22.999Z","v":0}
{"name":"hexo","hostname":"3cea3b0f60a2","pid":629,"level":20,"msg":"Rendering post: \u001b[35mlangchaozhidian/index.html\u001b[39m","time":"2016-07-26T16:13:23.258Z","v":0}
{"name":"hexo","hostname":"3cea3b0f60a2","pid":629,"level":20,"msg":"Rendering post: \u001b[35mnailiangluwan/index.html\u001b[39m","time":"2016-07-26T16:13:23.448Z","v":0}
{"name":"hexo","hostname":"3cea3b0f60a2","pid":629,"level":20,"msg":"Rendering post: \u001b[35mrestful-api/index.html\u001b[39m","time":"2016-07-26T16:13:23.625Z","v":0}
{"name":"hexo","hostname":"3cea3b0f60a2","pid":629,"level":20,"msg":"Rendering post: \u001b[35mprogrammer-internal-strength/index.html\u001b[39m","time":"2016-07-26T16:13:23.794Z","v":0}
{"name":"hexo","hostname":"3cea3b0f60a2","pid":629,"level":20,"msg":"Rendering post: \u001b[35mpython-encode-decode/index.html\u001b[39m","time":"2016-07-26T16:13:24.296Z","v":0}
{"name":"hexo","hostname":"3cea3b0f60a2","pid":629,"level":20,"msg":"Rendering post: \u001b[35mzhihu/index.html\u001b[39m","time":"2016-07-26T16:13:24.474Z","v":0}
{"name":"hexo","hostname":"3cea3b0f60a2","pid":629,"level":20,"msg":"Rendering post: \u001b[35mthe-difference-of-frame-and-framework/index.html\u001b[39m","time":"2016-07-26T16:13:24.648Z","v":0}
{"name":"hexo","hostname":"3cea3b0f60a2","pid":629,"level":20,"msg":"Rendering post: \u001b[35mgithub-set-webhook/index.html\u001b[39m","time":"2016-07-26T16:13:24.812Z","v":0}
{"name":"hexo","hostname":"3cea3b0f60a2","pid":629,"level":20,"msg":"Rendering post: \u001b[35mpython-encoding-specification/index.html\u001b[39m","time":"2016-07-26T16:13:25.008Z","v":0}
{"name":"hexo","hostname":"3cea3b0f60a2","pid":629,"level":20,"msg":"Rendering post: \u001b[35mregret-living-on-others-life/index.html\u001b[39m","time":"2016-07-26T16:13:25.173Z","v":0}
{"name":"hexo","hostname":"3cea3b0f60a2","pid":629,"level":20,"msg":"Rendering post: \u001b[35mweibo/index.html\u001b[39m","time":"2016-07-26T16:13:25.337Z","v":0}
{"name":"hexo","hostname":"3cea3b0f60a2","pid":629,"level":20,"msg":"Rendering post: \u001b[35mhulianwangshidai/index.html\u001b[39m","time":"2016-07-26T16:13:25.492Z","v":0}
{"name":"hexo","hostname":"3cea3b0f60a2","pid":629,"level":20,"msg":"Rendering post: \u001b[35mthe-most-bad-man-is-who-think-to-do-the-good-thing/index.html\u001b[39m","time":"2016-07-26T16:13:25.635Z","v":0}
{"name":"hexo","hostname":"3cea3b0f60a2","pid":629,"level":20,"msg":"Rendering post: \u001b[35mthe-plan-of-2015/index.html\u001b[39m","time":"2016-07-26T16:13:25.801Z","v":0}
{"name":"hexo","hostname":"3cea3b0f60a2","pid":629,"level":20,"msg":"Rendering post: \u001b[35myundianzhishang/index.html\u001b[39m","time":"2016-07-26T16:13:25.952Z","v":0}
{"name":"hexo","hostname":"3cea3b0f60a2","pid":629,"level":20,"msg":"Rendering post: \u001b[35mfront-end/index.html\u001b[39m","time":"2016-07-26T16:13:26.111Z","v":0}
{"name":"hexo","hostname":"3cea3b0f60a2","pid":629,"level":20,"msg":"Rendering post: \u001b[35mvirtualenv-python-django/index.html\u001b[39m","time":"2016-07-26T16:13:26.277Z","v":0}
{"name":"hexo","hostname":"3cea3b0f60a2","pid":629,"level":20,"msg":"Rendering post: \u001b[35mescape_class/index.html\u001b[39m","time":"2016-07-26T16:13:26.429Z","v":0}
{"name":"hexo","hostname":"3cea3b0f60a2","pid":629,"level":20,"msg":"Rendering post: \u001b[35mwutuobang/index.html\u001b[39m","time":"2016-07-26T16:13:26.578Z","v":0}
{"name":"hexo","hostname":"3cea3b0f60a2","pid":629,"level":20,"msg":"Rendering post: \u001b[35mwindows-install-vagrant/index.html\u001b[39m","time":"2016-07-26T16:13:26.734Z","v":0}
{"name":"hexo","hostname":"3cea3b0f60a2","pid":629,"level":20,"msg":"Rendering post: \u001b[35m2014-the-last/index.html\u001b[39m","time":"2016-07-26T16:13:26.878Z","v":0}
{"name":"hexo","hostname":"3cea3b0f60a2","pid":629,"level":20,"msg":"Rendering post: \u001b[35mweb-status-code/index.html\u001b[39m","time":"2016-07-26T16:13:27.033Z","v":0}
{"name":"hexo","hostname":"3cea3b0f60a2","pid":629,"level":20,"msg":"Rendering post: \u001b[35mlicense/index.html\u001b[39m","time":"2016-07-26T16:13:27.208Z","v":0}
{"name":"hexo","hostname":"3cea3b0f60a2","pid":629,"level":20,"msg":"Rendering post: \u001b[35mmysql-source-messy-code/index.html\u001b[39m","time":"2016-07-26T16:13:27.473Z","v":0}
{"name":"hexo","hostname":"3cea3b0f60a2","pid":629,"level":20,"msg":"Rendering post: \u001b[35mthe-conclusion-of-the-first-project-of-studio/index.html\u001b[39m","time":"2016-07-26T16:13:27.739Z","v":0}
{"name":"hexo","hostname":"3cea3b0f60a2","pid":629,"level":20,"msg":"Rendering post: \u001b[35munitedstack-database-remote-login/index.html\u001b[39m","time":"2016-07-26T16:13:27.963Z","v":0}
{"name":"hexo","hostname":"3cea3b0f60a2","pid":629,"level":20,"msg":"Rendering post: \u001b[35mubuntu-install-phpmyadmin/index.html\u001b[39m","time":"2016-07-26T16:13:28.131Z","v":0}
{"name":"hexo","hostname":"3cea3b0f60a2","pid":629,"level":20,"msg":"Rendering post: \u001b[35mthe-computer-knowledge-i-know/index.html\u001b[39m","time":"2016-07-26T16:13:28.286Z","v":0}
{"name":"hexo","hostname":"3cea3b0f60a2","pid":629,"level":20,"msg":"Rendering post: \u001b[35mmysql-logical-backup/index.html\u001b[39m","time":"2016-07-26T16:13:28.526Z","v":0}
{"name":"hexo","hostname":"3cea3b0f60a2","pid":629,"level":20,"msg":"Rendering post: \u001b[35mmysql-cold-backup/index.html\u001b[39m","time":"2016-07-26T16:13:28.800Z","v":0}
{"name":"hexo","hostname":"3cea3b0f60a2","pid":629,"level":20,"msg":"Rendering post: \u001b[35msysbench-effiency-test/index.html\u001b[39m","time":"2016-07-26T16:13:29.098Z","v":0}
{"name":"hexo","hostname":"3cea3b0f60a2","pid":629,"level":20,"msg":"Rendering post: \u001b[35mcompare-of-MyISAM-and-InnoDB/index.html\u001b[39m","time":"2016-07-26T16:13:29.324Z","v":0}
{"name":"hexo","hostname":"3cea3b0f60a2","pid":629,"level":20,"msg":"Rendering post: \u001b[35mmysql-guanlizhidao/index.html\u001b[39m","time":"2016-07-26T16:13:29.499Z","v":0}
{"name":"hexo","hostname":"3cea3b0f60a2","pid":629,"level":20,"msg":"Rendering post: \u001b[35mbianchengzhuji-understand/index.html\u001b[39m","time":"2016-07-26T16:13:29.652Z","v":0}
{"name":"hexo","hostname":"3cea3b0f60a2","pid":629,"level":20,"msg":"Rendering post: \u001b[35mbianchengzhuji/index.html\u001b[39m","time":"2016-07-26T16:13:29.825Z","v":0}
{"name":"hexo","hostname":"3cea3b0f60a2","pid":629,"level":20,"msg":"Rendering post: \u001b[35mmodify-u-disk-logo/index.html\u001b[39m","time":"2016-07-26T16:13:29.988Z","v":0}
{"name":"hexo","hostname":"3cea3b0f60a2","pid":629,"level":20,"msg":"Rendering post: \u001b[35mvirtualbox-guest-host-share-file/index.html\u001b[39m","time":"2016-07-26T16:13:30.151Z","v":0}
{"name":"hexo","hostname":"3cea3b0f60a2","pid":629,"level":20,"msg":"Rendering post: \u001b[35mpython-execute-pythonfile-effiency/index.html\u001b[39m","time":"2016-07-26T16:13:30.308Z","v":0}
{"name":"hexo","hostname":"3cea3b0f60a2","pid":629,"level":20,"msg":"Rendering post: \u001b[35mnginx-multi-apache-load-balance/index.html\u001b[39m","time":"2016-07-26T16:13:30.483Z","v":0}
{"name":"hexo","hostname":"3cea3b0f60a2","pid":629,"level":20,"msg":"Rendering post: \u001b[35mpython-configparser/index.html\u001b[39m","time":"2016-07-26T16:13:30.647Z","v":0}
{"name":"hexo","hostname":"3cea3b0f60a2","pid":629,"level":20,"msg":"Rendering post: \u001b[35mpython-Chrome-QQ-album/index.html\u001b[39m","time":"2016-07-26T16:13:30.806Z","v":0}
{"name":"hexo","hostname":"3cea3b0f60a2","pid":629,"level":20,"msg":"Rendering post: \u001b[35mkanaiji/index.html\u001b[39m","time":"2016-07-26T16:13:30.956Z","v":0}
{"name":"hexo","hostname":"3cea3b0f60a2","pid":629,"level":20,"msg":"Rendering post: \u001b[35mto-the-future-of-me/index.html\u001b[39m","time":"2016-07-26T16:13:31.107Z","v":0}
{"name":"hexo","hostname":"3cea3b0f60a2","pid":629,"level":20,"msg":"Rendering post: \u001b[35mnixidaxue/index.html\u001b[39m","time":"2016-07-26T16:13:31.276Z","v":0}
{"name":"hexo","hostname":"3cea3b0f60a2","pid":629,"level":20,"msg":"Rendering post: \u001b[35mpython-Chrome-QQ-friends/index.html\u001b[39m","time":"2016-07-26T16:13:31.447Z","v":0}
{"name":"hexo","hostname":"3cea3b0f60a2","pid":629,"level":20,"msg":"Rendering post: \u001b[35mGitosis-Git/index.html\u001b[39m","time":"2016-07-26T16:13:31.604Z","v":0}
{"name":"hexo","hostname":"3cea3b0f60a2","pid":629,"level":20,"msg":"Rendering post: \u001b[35mwindows-wamp-install-laravel/index.html\u001b[39m","time":"2016-07-26T16:13:31.744Z","v":0}
{"name":"hexo","hostname":"3cea3b0f60a2","pid":629,"level":20,"msg":"Rendering post: \u001b[35mputty-ssh-connection-refused/index.html\u001b[39m","time":"2016-07-26T16:13:31.885Z","v":0}
{"name":"hexo","hostname":"3cea3b0f60a2","pid":629,"level":20,"msg":"Rendering post: \u001b[35meclipse-git-coding-net/index.html\u001b[39m","time":"2016-07-26T16:13:32.037Z","v":0}
{"name":"hexo","hostname":"3cea3b0f60a2","pid":629,"level":20,"msg":"Rendering post: \u001b[35mchengxuyuandefendoushi/index.html\u001b[39m","time":"2016-07-26T16:13:32.188Z","v":0}
{"name":"hexo","hostname":"3cea3b0f60a2","pid":629,"level":20,"msg":"Rendering post: \u001b[35mhacker-and-painter/index.html\u001b[39m","time":"2016-07-26T16:13:32.350Z","v":0}
{"name":"hexo","hostname":"3cea3b0f60a2","pid":629,"level":20,"msg":"Rendering post: \u001b[35mthe-future-of-coding/index.html\u001b[39m","time":"2016-07-26T16:13:32.505Z","v":0}
{"name":"hexo","hostname":"3cea3b0f60a2","pid":629,"level":20,"msg":"Rendering post: \u001b[35mwordpress-qiniu/index.html\u001b[39m","time":"2016-07-26T16:13:32.647Z","v":0}
{"name":"hexo","hostname":"3cea3b0f60a2","pid":629,"level":20,"msg":"Rendering post: \u001b[35minspirational-video/index.html\u001b[39m","time":"2016-07-26T16:13:32.855Z","v":0}
{"name":"hexo","hostname":"3cea3b0f60a2","pid":629,"level":20,"msg":"Rendering post: \u001b[35mmanmanlai/index.html\u001b[39m","time":"2016-07-26T16:13:33.131Z","v":0}
{"name":"hexo","hostname":"3cea3b0f60a2","pid":629,"level":20,"msg":"Rendering post: \u001b[35mxiyouriji/index.html\u001b[39m","time":"2016-07-26T16:13:33.373Z","v":0}
{"name":"hexo","hostname":"3cea3b0f60a2","pid":629,"level":20,"msg":"Rendering post: \u001b[35mpython-eric-pyqt/index.html\u001b[39m","time":"2016-07-26T16:13:33.542Z","v":0}
{"name":"hexo","hostname":"3cea3b0f60a2","pid":629,"level":20,"msg":"Rendering post: \u001b[35mhaizeiwangjiaohuiwode/index.html\u001b[39m","time":"2016-07-26T16:13:33.753Z","v":0}
{"name":"hexo","hostname":"3cea3b0f60a2","pid":629,"level":20,"msg":"Rendering post: \u001b[35mnothing-is-anything/index.html\u001b[39m","time":"2016-07-26T16:13:34.018Z","v":0}
{"name":"hexo","hostname":"3cea3b0f60a2","pid":629,"level":20,"msg":"Rendering post: \u001b[35mgive-up-halfway/index.html\u001b[39m","time":"2016-07-26T16:13:34.338Z","v":0}
{"name":"hexo","hostname":"3cea3b0f60a2","pid":629,"level":20,"msg":"Rendering post: \u001b[35mchengxuyuanfaze/index.html\u001b[39m","time":"2016-07-26T16:13:34.806Z","v":0}
{"name":"hexo","hostname":"3cea3b0f60a2","pid":629,"level":20,"msg":"Rendering post: \u001b[35ma-low-key-life/index.html\u001b[39m","time":"2016-07-26T16:13:35.060Z","v":0}
{"name":"hexo","hostname":"3cea3b0f60a2","pid":629,"level":20,"msg":"Rendering post: \u001b[35mwukongzhuan/index.html\u001b[39m","time":"2016-07-26T16:13:35.273Z","v":0}
{"name":"hexo","hostname":"3cea3b0f60a2","pid":629,"level":20,"msg":"Rendering post: \u001b[35mlinux-goa gent-chrome/index.html\u001b[39m","time":"2016-07-26T16:13:35.450Z","v":0}
{"name":"hexo","hostname":"3cea3b0f60a2","pid":629,"level":20,"msg":"Rendering post: \u001b[35mC-and-pointer_1/index.html\u001b[39m","time":"2016-07-26T16:13:35.594Z","v":0}
{"name":"hexo","hostname":"3cea3b0f60a2","pid":629,"level":20,"msg":"Rendering post: \u001b[35mC-and-pointer_2/index.html\u001b[39m","time":"2016-07-26T16:13:35.747Z","v":0}
{"name":"hexo","hostname":"3cea3b0f60a2","pid":629,"level":20,"msg":"Rendering post: \u001b[35mC-and-pointer_0/index.html\u001b[39m","time":"2016-07-26T16:13:36.010Z","v":0}
{"name":"hexo","hostname":"3cea3b0f60a2","pid":629,"level":20,"msg":"Rendering post: \u001b[35mchaijing-look/index.html\u001b[39m","time":"2016-07-26T16:13:36.211Z","v":0}
{"name":"hexo","hostname":"3cea3b0f60a2","pid":629,"level":20,"msg":"Rendering post: \u001b[35mfushengliuji/index.html\u001b[39m","time":"2016-07-26T16:13:36.496Z","v":0}
{"name":"hexo","hostname":"3cea3b0f60a2","pid":629,"level":20,"msg":"Rendering post: \u001b[35mbusy-april/index.html\u001b[39m","time":"2016-07-26T16:13:36.829Z","v":0}
{"name":"hexo","hostname":"3cea3b0f60a2","pid":629,"level":20,"msg":"Rendering post: \u001b[35mwant-the-one/index.html\u001b[39m","time":"2016-07-26T16:13:37.180Z","v":0}
{"name":"hexo","hostname":"3cea3b0f60a2","pid":629,"level":20,"msg":"Rendering post: \u001b[35mwhose-youth-is-not-confused/index.html\u001b[39m","time":"2016-07-26T16:13:37.362Z","v":0}
{"name":"hexo","hostname":"3cea3b0f60a2","pid":629,"level":20,"msg":"Rendering post: \u001b[35mgoodbye-xp/index.html\u001b[39m","time":"2016-07-26T16:13:37.660Z","v":0}
{"name":"hexo","hostname":"3cea3b0f60a2","pid":629,"level":20,"msg":"Rendering post: \u001b[35mhdu-4267/index.html\u001b[39m","time":"2016-07-26T16:13:37.905Z","v":0}
{"name":"hexo","hostname":"3cea3b0f60a2","pid":629,"level":20,"msg":"Rendering post: \u001b[35m2014-plan/index.html\u001b[39m","time":"2016-07-26T16:13:38.073Z","v":0}
{"name":"hexo","hostname":"3cea3b0f60a2","pid":629,"level":20,"msg":"Rendering post: \u001b[35mlinux-openkeeper-netkeeper/index.html\u001b[39m","time":"2016-07-26T16:13:38.249Z","v":0}
{"name":"hexo","hostname":"3cea3b0f60a2","pid":629,"level":20,"msg":"Rendering post: \u001b[35mour-programmer/index.html\u001b[39m","time":"2016-07-26T16:13:38.446Z","v":0}
{"name":"hexo","hostname":"3cea3b0f60a2","pid":629,"level":20,"msg":"Rendering post: \u001b[35mlinux-watch-network-speed/index.html\u001b[39m","time":"2016-07-26T16:13:38.655Z","v":0}
{"name":"hexo","hostname":"3cea3b0f60a2","pid":629,"level":20,"msg":"Rendering post: \u001b[35mlinux-brute-force-rar-zip-7z/index.html\u001b[39m","time":"2016-07-26T16:13:38.821Z","v":0}
{"name":"hexo","hostname":"3cea3b0f60a2","pid":629,"level":20,"msg":"Rendering post: \u001b[35mbrute-force-linux-password/index.html\u001b[39m","time":"2016-07-26T16:13:38.980Z","v":0}
{"name":"hexo","hostname":"3cea3b0f60a2","pid":629,"level":20,"msg":"Rendering post: \u001b[35minstall-linux-core/index.html\u001b[39m","time":"2016-07-26T16:13:39.155Z","v":0}
{"name":"hexo","hostname":"3cea3b0f60a2","pid":629,"level":20,"msg":"Rendering post: \u001b[35mbelieving-the-meaning-of-hard-work/index.html\u001b[39m","time":"2016-07-26T16:13:39.339Z","v":0}
{"name":"hexo","hostname":"3cea3b0f60a2","pid":629,"level":20,"msg":"Rendering post: \u001b[35mten-years-english-learning/index.html\u001b[39m","time":"2016-07-26T16:13:39.502Z","v":0}
{"name":"hexo","hostname":"3cea3b0f60a2","pid":629,"level":20,"msg":"Rendering post: \u001b[35mstudent-should-buy-genuine/index.html\u001b[39m","time":"2016-07-26T16:13:39.665Z","v":0}
{"name":"hexo","hostname":"3cea3b0f60a2","pid":629,"level":20,"msg":"Rendering post: \u001b[35mtwo-years-coding-life/index.html\u001b[39m","time":"2016-07-26T16:13:39.841Z","v":0}
{"name":"hexo","hostname":"3cea3b0f60a2","pid":629,"level":20,"msg":"Rendering post: \u001b[35mcollege-entrance-examination-will-deciding/index.html\u001b[39m","time":"2016-07-26T16:13:40.006Z","v":0}
{"name":"hexo","hostname":"3cea3b0f60a2","pid":629,"level":20,"msg":"Rendering post: \u001b[35mto-entrance-examination-friends/index.html\u001b[39m","time":"2016-07-26T16:13:40.199Z","v":0}
{"name":"hexo","hostname":"3cea3b0f60a2","pid":629,"level":20,"msg":"Rendering post: \u001b[35mthat-year-dream/index.html\u001b[39m","time":"2016-07-26T16:13:40.386Z","v":0}
{"name":"hexo","hostname":"3cea3b0f60a2","pid":629,"level":20,"msg":"Rendering post: \u001b[35mwait-until-today/index.html\u001b[39m","time":"2016-07-26T16:13:40.546Z","v":0}
{"name":"hexo","hostname":"3cea3b0f60a2","pid":629,"level":20,"msg":"Rendering post: \u001b[35mfate-is-her/index.html\u001b[39m","time":"2016-07-26T16:13:40.784Z","v":0}
{"name":"hexo","hostname":"3cea3b0f60a2","pid":629,"level":20,"msg":"Rendering post: \u001b[35mmy-game-life/index.html\u001b[39m","time":"2016-07-26T16:13:41.041Z","v":0}
{"name":"hexo","hostname":"3cea3b0f60a2","pid":629,"level":20,"msg":"Rendering post: \u001b[35mwrite-to-girls/index.html\u001b[39m","time":"2016-07-26T16:13:41.214Z","v":0}
{"name":"hexo","hostname":"3cea3b0f60a2","pid":629,"level":20,"msg":"Rendering post: \u001b[35mi-wait-you/index.html\u001b[39m","time":"2016-07-26T16:13:41.475Z","v":0}
{"name":"hexo","hostname":"3cea3b0f60a2","pid":629,"level":20,"msg":"Rendering post: \u001b[35mdo-not-know-why/index.html\u001b[39m","time":"2016-07-26T16:13:41.717Z","v":0}
{"name":"hexo","hostname":"3cea3b0f60a2","pid":629,"level":20,"msg":"Rendering post: \u001b[35mwrite-poem/index.html\u001b[39m","time":"2016-07-26T16:13:41.937Z","v":0}
{"name":"hexo","hostname":"3cea3b0f60a2","pid":629,"level":20,"msg":"Rendering post: \u001b[35mnow-know/index.html\u001b[39m","time":"2016-07-26T16:13:42.147Z","v":0}
{"name":"hexo","hostname":"3cea3b0f60a2","pid":629,"level":20,"msg":"Rendering archive: \u001b[35marchives/index.html\u001b[39m","time":"2016-07-26T16:13:42.333Z","v":0}
{"name":"hexo","hostname":"3cea3b0f60a2","pid":629,"level":20,"msg":"Rendering archive: \u001b[35marchives/page/4/index.html\u001b[39m","time":"2016-07-26T16:13:42.917Z","v":0}
{"name":"hexo","hostname":"3cea3b0f60a2","pid":629,"level":20,"msg":"Rendering archive: \u001b[35marchives/page/2/index.html\u001b[39m","time":"2016-07-26T16:13:43.545Z","v":0}
{"name":"hexo","hostname":"3cea3b0f60a2","pid":629,"level":20,"msg":"Rendering archive: \u001b[35marchives/page/3/index.html\u001b[39m","time":"2016-07-26T16:13:44.289Z","v":0}
{"name":"hexo","hostname":"3cea3b0f60a2","pid":629,"level":20,"msg":"Rendering archive: \u001b[35marchives/page/5/index.html\u001b[39m","time":"2016-07-26T16:13:44.931Z","v":0}
{"name":"hexo","hostname":"3cea3b0f60a2","pid":629,"level":20,"msg":"Rendering archive: \u001b[35marchives/page/6/index.html\u001b[39m","time":"2016-07-26T16:13:45.647Z","v":0}
{"name":"hexo","hostname":"3cea3b0f60a2","pid":629,"level":20,"msg":"Rendering archive: \u001b[35marchives/page/8/index.html\u001b[39m","time":"2016-07-26T16:13:46.342Z","v":0}
{"name":"hexo","hostname":"3cea3b0f60a2","pid":629,"level":20,"msg":"Rendering archive: \u001b[35marchives/page/9/index.html\u001b[39m","time":"2016-07-26T16:13:47.008Z","v":0}
{"name":"hexo","hostname":"3cea3b0f60a2","pid":629,"level":20,"msg":"Rendering archive: \u001b[35marchives/page/7/index.html\u001b[39m","time":"2016-07-26T16:13:47.678Z","v":0}
{"name":"hexo","hostname":"3cea3b0f60a2","pid":629,"level":20,"msg":"Rendering archive: \u001b[35marchives/page/10/index.html\u001b[39m","time":"2016-07-26T16:13:48.246Z","v":0}
{"name":"hexo","hostname":"3cea3b0f60a2","pid":629,"level":20,"msg":"Rendering archive: \u001b[35marchives/page/11/index.html\u001b[39m","time":"2016-07-26T16:13:48.818Z","v":0}
{"name":"hexo","hostname":"3cea3b0f60a2","pid":629,"level":20,"msg":"Rendering archive: \u001b[35marchives/page/13/index.html\u001b[39m","time":"2016-07-26T16:13:49.377Z","v":0}
{"name":"hexo","hostname":"3cea3b0f60a2","pid":629,"level":20,"msg":"Rendering archive: \u001b[35marchives/page/12/index.html\u001b[39m","time":"2016-07-26T16:13:49.844Z","v":0}
{"name":"hexo","hostname":"3cea3b0f60a2","pid":629,"level":20,"msg":"Rendering archive: \u001b[35marchives/page/14/index.html\u001b[39m","time":"2016-07-26T16:13:50.314Z","v":0}
{"name":"hexo","hostname":"3cea3b0f60a2","pid":629,"level":20,"msg":"Rendering archive: \u001b[35marchives/2009/index.html\u001b[39m","time":"2016-07-26T16:13:50.823Z","v":0}
{"name":"hexo","hostname":"3cea3b0f60a2","pid":629,"level":20,"msg":"Rendering archive: \u001b[35marchives/2009/07/index.html\u001b[39m","time":"2016-07-26T16:13:51.065Z","v":0}
{"name":"hexo","hostname":"3cea3b0f60a2","pid":629,"level":20,"msg":"Rendering archive: \u001b[35marchives/2010/index.html\u001b[39m","time":"2016-07-26T16:13:51.224Z","v":0}
{"name":"hexo","hostname":"3cea3b0f60a2","pid":629,"level":20,"msg":"Rendering archive: \u001b[35marchives/2010/04/index.html\u001b[39m","time":"2016-07-26T16:13:51.539Z","v":0}
{"name":"hexo","hostname":"3cea3b0f60a2","pid":629,"level":20,"msg":"Rendering archive: \u001b[35marchives/2010/07/index.html\u001b[39m","time":"2016-07-26T16:13:51.692Z","v":0}
{"name":"hexo","hostname":"3cea3b0f60a2","pid":629,"level":20,"msg":"Rendering archive: \u001b[35marchives/2010/08/index.html\u001b[39m","time":"2016-07-26T16:13:51.864Z","v":0}
{"name":"hexo","hostname":"3cea3b0f60a2","pid":629,"level":20,"msg":"Rendering archive: \u001b[35marchives/2011/index.html\u001b[39m","time":"2016-07-26T16:13:52.079Z","v":0}
{"name":"hexo","hostname":"3cea3b0f60a2","pid":629,"level":20,"msg":"Rendering archive: \u001b[35marchives/2011/03/index.html\u001b[39m","time":"2016-07-26T16:13:52.291Z","v":0}
{"name":"hexo","hostname":"3cea3b0f60a2","pid":629,"level":20,"msg":"Rendering archive: \u001b[35marchives/2012/index.html\u001b[39m","time":"2016-07-26T16:13:52.511Z","v":0}
{"name":"hexo","hostname":"3cea3b0f60a2","pid":629,"level":20,"msg":"Rendering archive: \u001b[35marchives/2012/02/index.html\u001b[39m","time":"2016-07-26T16:13:52.721Z","v":0}
{"name":"hexo","hostname":"3cea3b0f60a2","pid":629,"level":20,"msg":"Rendering archive: \u001b[35marchives/2013/index.html\u001b[39m","time":"2016-07-26T16:13:52.879Z","v":0}
{"name":"hexo","hostname":"3cea3b0f60a2","pid":629,"level":20,"msg":"Rendering archive: \u001b[35marchives/2012/06/index.html\u001b[39m","time":"2016-07-26T16:13:53.176Z","v":0}
{"name":"hexo","hostname":"3cea3b0f60a2","pid":629,"level":20,"msg":"Rendering archive: \u001b[35marchives/2013/06/index.html\u001b[39m","time":"2016-07-26T16:13:53.386Z","v":0}
{"name":"hexo","hostname":"3cea3b0f60a2","pid":629,"level":20,"msg":"Rendering archive: \u001b[35marchives/2013/09/index.html\u001b[39m","time":"2016-07-26T16:13:53.727Z","v":0}
{"name":"hexo","hostname":"3cea3b0f60a2","pid":629,"level":20,"msg":"Rendering archive: \u001b[35marchives/2013/12/index.html\u001b[39m","time":"2016-07-26T16:13:53.898Z","v":0}
{"name":"hexo","hostname":"3cea3b0f60a2","pid":629,"level":20,"msg":"Rendering archive: \u001b[35marchives/2014/index.html\u001b[39m","time":"2016-07-26T16:13:54.072Z","v":0}
{"name":"hexo","hostname":"3cea3b0f60a2","pid":629,"level":20,"msg":"Rendering archive: \u001b[35marchives/2014/page/3/index.html\u001b[39m","time":"2016-07-26T16:13:54.739Z","v":0}
{"name":"hexo","hostname":"3cea3b0f60a2","pid":629,"level":20,"msg":"Rendering archive: \u001b[35marchives/2014/page/2/index.html\u001b[39m","time":"2016-07-26T16:13:55.376Z","v":0}
{"name":"hexo","hostname":"3cea3b0f60a2","pid":629,"level":20,"msg":"Rendering archive: \u001b[35marchives/2014/page/4/index.html\u001b[39m","time":"2016-07-26T16:13:55.975Z","v":0}
{"name":"hexo","hostname":"3cea3b0f60a2","pid":629,"level":20,"msg":"Rendering archive: \u001b[35marchives/2014/page/6/index.html\u001b[39m","time":"2016-07-26T16:13:56.578Z","v":0}
{"name":"hexo","hostname":"3cea3b0f60a2","pid":629,"level":20,"msg":"Rendering archive: \u001b[35marchives/2014/page/5/index.html\u001b[39m","time":"2016-07-26T16:13:57.291Z","v":0}
{"name":"hexo","hostname":"3cea3b0f60a2","pid":629,"level":20,"msg":"Rendering archive: \u001b[35marchives/2014/01/index.html\u001b[39m","time":"2016-07-26T16:13:57.970Z","v":0}
{"name":"hexo","hostname":"3cea3b0f60a2","pid":629,"level":20,"msg":"Rendering archive: \u001b[35marchives/2014/page/7/index.html\u001b[39m","time":"2016-07-26T16:13:58.221Z","v":0}
{"name":"hexo","hostname":"3cea3b0f60a2","pid":629,"level":20,"msg":"Rendering archive: \u001b[35marchives/2014/02/index.html\u001b[39m","time":"2016-07-26T16:13:58.529Z","v":0}
{"name":"hexo","hostname":"3cea3b0f60a2","pid":629,"level":20,"msg":"Rendering archive: \u001b[35marchives/2014/04/index.html\u001b[39m","time":"2016-07-26T16:13:58.878Z","v":0}
{"name":"hexo","hostname":"3cea3b0f60a2","pid":629,"level":20,"msg":"Rendering archive: \u001b[35marchives/2014/03/index.html\u001b[39m","time":"2016-07-26T16:13:59.127Z","v":0}
{"name":"hexo","hostname":"3cea3b0f60a2","pid":629,"level":20,"msg":"Rendering archive: \u001b[35marchives/2014/05/index.html\u001b[39m","time":"2016-07-26T16:13:59.398Z","v":0}
{"name":"hexo","hostname":"3cea3b0f60a2","pid":629,"level":20,"msg":"Rendering archive: \u001b[35marchives/2014/07/index.html\u001b[39m","time":"2016-07-26T16:13:59.788Z","v":0}
{"name":"hexo","hostname":"3cea3b0f60a2","pid":629,"level":20,"msg":"Rendering archive: \u001b[35marchives/2014/06/index.html\u001b[39m","time":"2016-07-26T16:14:00.189Z","v":0}
{"name":"hexo","hostname":"3cea3b0f60a2","pid":629,"level":20,"msg":"Rendering archive: \u001b[35marchives/2014/08/index.html\u001b[39m","time":"2016-07-26T16:14:00.348Z","v":0}
{"name":"hexo","hostname":"3cea3b0f60a2","pid":629,"level":20,"msg":"Rendering archive: \u001b[35marchives/2014/09/index.html\u001b[39m","time":"2016-07-26T16:14:00.625Z","v":0}
{"name":"hexo","hostname":"3cea3b0f60a2","pid":629,"level":20,"msg":"Rendering archive: \u001b[35marchives/2014/10/index.html\u001b[39m","time":"2016-07-26T16:14:01.021Z","v":0}
{"name":"hexo","hostname":"3cea3b0f60a2","pid":629,"level":20,"msg":"Rendering archive: \u001b[35marchives/2014/11/index.html\u001b[39m","time":"2016-07-26T16:14:01.407Z","v":0}
{"name":"hexo","hostname":"3cea3b0f60a2","pid":629,"level":20,"msg":"Rendering archive: \u001b[35marchives/2014/12/index.html\u001b[39m","time":"2016-07-26T16:14:01.811Z","v":0}
{"name":"hexo","hostname":"3cea3b0f60a2","pid":629,"level":20,"msg":"Rendering archive: \u001b[35marchives/2014/11/page/2/index.html\u001b[39m","time":"2016-07-26T16:14:02.068Z","v":0}
{"name":"hexo","hostname":"3cea3b0f60a2","pid":629,"level":20,"msg":"Rendering archive: \u001b[35marchives/2015/index.html\u001b[39m","time":"2016-07-26T16:14:02.220Z","v":0}
{"name":"hexo","hostname":"3cea3b0f60a2","pid":629,"level":20,"msg":"Rendering archive: \u001b[35marchives/2015/page/2/index.html\u001b[39m","time":"2016-07-26T16:14:02.665Z","v":0}
{"name":"hexo","hostname":"3cea3b0f60a2","pid":629,"level":20,"msg":"Rendering archive: \u001b[35marchives/2015/page/3/index.html\u001b[39m","time":"2016-07-26T16:14:03.220Z","v":0}
{"name":"hexo","hostname":"3cea3b0f60a2","pid":629,"level":20,"msg":"Rendering archive: \u001b[35marchives/2015/page/4/index.html\u001b[39m","time":"2016-07-26T16:14:03.892Z","v":0}
{"name":"hexo","hostname":"3cea3b0f60a2","pid":629,"level":20,"msg":"Rendering archive: \u001b[35marchives/2015/page/5/index.html\u001b[39m","time":"2016-07-26T16:14:04.327Z","v":0}
{"name":"hexo","hostname":"3cea3b0f60a2","pid":629,"level":20,"msg":"Rendering archive: \u001b[35marchives/2015/01/index.html\u001b[39m","time":"2016-07-26T16:14:04.767Z","v":0}
{"name":"hexo","hostname":"3cea3b0f60a2","pid":629,"level":20,"msg":"Rendering archive: \u001b[35marchives/2015/04/index.html\u001b[39m","time":"2016-07-26T16:14:05.037Z","v":0}
{"name":"hexo","hostname":"3cea3b0f60a2","pid":629,"level":20,"msg":"Rendering archive: \u001b[35marchives/2015/02/index.html\u001b[39m","time":"2016-07-26T16:14:05.559Z","v":0}
{"name":"hexo","hostname":"3cea3b0f60a2","pid":629,"level":20,"msg":"Rendering archive: \u001b[35marchives/2015/03/index.html\u001b[39m","time":"2016-07-26T16:14:05.846Z","v":0}
{"name":"hexo","hostname":"3cea3b0f60a2","pid":629,"level":20,"msg":"Rendering archive: \u001b[35marchives/2015/05/index.html\u001b[39m","time":"2016-07-26T16:14:06.111Z","v":0}
{"name":"hexo","hostname":"3cea3b0f60a2","pid":629,"level":20,"msg":"Rendering archive: \u001b[35marchives/2015/07/index.html\u001b[39m","time":"2016-07-26T16:14:06.569Z","v":0}
{"name":"hexo","hostname":"3cea3b0f60a2","pid":629,"level":20,"msg":"Rendering archive: \u001b[35marchives/2015/08/index.html\u001b[39m","time":"2016-07-26T16:14:07.034Z","v":0}
{"name":"hexo","hostname":"3cea3b0f60a2","pid":629,"level":20,"msg":"Rendering archive: \u001b[35marchives/2015/11/index.html\u001b[39m","time":"2016-07-26T16:14:07.356Z","v":0}
{"name":"hexo","hostname":"3cea3b0f60a2","pid":629,"level":20,"msg":"Rendering archive: \u001b[35marchives/2015/12/index.html\u001b[39m","time":"2016-07-26T16:14:07.617Z","v":0}
{"name":"hexo","hostname":"3cea3b0f60a2","pid":629,"level":20,"msg":"Rendering archive: \u001b[35marchives/2016/index.html\u001b[39m","time":"2016-07-26T16:14:08.296Z","v":0}
{"name":"hexo","hostname":"3cea3b0f60a2","pid":629,"level":20,"msg":"Rendering archive: \u001b[35marchives/2016/01/index.html\u001b[39m","time":"2016-07-26T16:14:09.011Z","v":0}
{"name":"hexo","hostname":"3cea3b0f60a2","pid":629,"level":20,"msg":"Rendering archive: \u001b[35marchives/2016/page/2/index.html\u001b[39m","time":"2016-07-26T16:14:09.288Z","v":0}
{"name":"hexo","hostname":"3cea3b0f60a2","pid":629,"level":20,"msg":"Rendering archive: \u001b[35marchives/2016/02/index.html\u001b[39m","time":"2016-07-26T16:14:09.853Z","v":0}
{"name":"hexo","hostname":"3cea3b0f60a2","pid":629,"level":20,"msg":"Rendering archive: \u001b[35marchives/2016/03/index.html\u001b[39m","time":"2016-07-26T16:14:10.281Z","v":0}
{"name":"hexo","hostname":"3cea3b0f60a2","pid":629,"level":20,"msg":"Rendering archive: \u001b[35marchives/2016/04/index.html\u001b[39m","time":"2016-07-26T16:14:10.493Z","v":0}
{"name":"hexo","hostname":"3cea3b0f60a2","pid":629,"level":20,"msg":"Rendering archive: \u001b[35marchives/2016/07/index.html\u001b[39m","time":"2016-07-26T16:14:10.724Z","v":0}
{"name":"hexo","hostname":"3cea3b0f60a2","pid":629,"level":20,"msg":"Rendering archive: \u001b[35marchives/2016/05/index.html\u001b[39m","time":"2016-07-26T16:14:10.885Z","v":0}
{"name":"hexo","hostname":"3cea3b0f60a2","pid":629,"level":20,"msg":"Rendering archive: \u001b[35marchives/2016/06/index.html\u001b[39m","time":"2016-07-26T16:14:11.133Z","v":0}
{"name":"hexo","hostname":"3cea3b0f60a2","pid":629,"level":20,"msg":"Rendering category: \u001b[35mcategories//index.html\u001b[39m","time":"2016-07-26T16:14:11.341Z","v":0}
{"name":"hexo","hostname":"3cea3b0f60a2","pid":629,"level":20,"msg":"Rendering category: \u001b[35mcategories//index.html\u001b[39m","time":"2016-07-26T16:14:11.748Z","v":0}
{"name":"hexo","hostname":"3cea3b0f60a2","pid":629,"level":20,"msg":"Rendering category: \u001b[35mcategories//page/2/index.html\u001b[39m","time":"2016-07-26T16:14:12.316Z","v":0}
{"name":"hexo","hostname":"3cea3b0f60a2","pid":629,"level":20,"msg":"Rendering category: \u001b[35mcategories//page/3/index.html\u001b[39m","time":"2016-07-26T16:14:12.706Z","v":0}
{"name":"hexo","hostname":"3cea3b0f60a2","pid":629,"level":20,"msg":"Rendering category: \u001b[35mcategories//page/2/index.html\u001b[39m","time":"2016-07-26T16:14:13.162Z","v":0}
{"name":"hexo","hostname":"3cea3b0f60a2","pid":629,"level":20,"msg":"Rendering category: \u001b[35mcategories//page/3/index.html\u001b[39m","time":"2016-07-26T16:14:13.563Z","v":0}
{"name":"hexo","hostname":"3cea3b0f60a2","pid":629,"level":20,"msg":"Rendering category: \u001b[35mcategories//page/4/index.html\u001b[39m","time":"2016-07-26T16:14:14.145Z","v":0}
{"name":"hexo","hostname":"3cea3b0f60a2","pid":629,"level":20,"msg":"Rendering category: \u001b[35mcategories//index.html\u001b[39m","time":"2016-07-26T16:14:14.551Z","v":0}
{"name":"hexo","hostname":"3cea3b0f60a2","pid":629,"level":20,"msg":"Rendering category: \u001b[35mcategories//page/4/index.html\u001b[39m","time":"2016-07-26T16:14:15.154Z","v":0}
{"name":"hexo","hostname":"3cea3b0f60a2","pid":629,"level":20,"msg":"Rendering category: \u001b[35mcategories//page/2/index.html\u001b[39m","time":"2016-07-26T16:14:15.586Z","v":0}
{"name":"hexo","hostname":"3cea3b0f60a2","pid":629,"level":20,"msg":"Rendering category: \u001b[35mcategories//page/3/index.html\u001b[39m","time":"2016-07-26T16:14:16.020Z","v":0}
{"name":"hexo","hostname":"3cea3b0f60a2","pid":629,"level":20,"msg":"Rendering category: \u001b[35mcategories//page/5/index.html\u001b[39m","time":"2016-07-26T16:14:16.492Z","v":0}
{"name":"hexo","hostname":"3cea3b0f60a2","pid":629,"level":20,"msg":"Rendering category: \u001b[35mcategories//page/6/index.html\u001b[39m","time":"2016-07-26T16:14:16.965Z","v":0}
{"name":"hexo","hostname":"3cea3b0f60a2","pid":629,"level":20,"msg":"Rendering category: \u001b[35mcategories//index.html\u001b[39m","time":"2016-07-26T16:14:18.755Z","v":0}
{"name":"hexo","hostname":"3cea3b0f60a2","pid":629,"level":20,"msg":"Rendering category: \u001b[35mcategories//index.html\u001b[39m","time":"2016-07-26T16:14:19.241Z","v":0}
{"name":"hexo","hostname":"3cea3b0f60a2","pid":629,"level":20,"msg":"Rendering category: \u001b[35mcategories//index.html\u001b[39m","time":"2016-07-26T16:14:19.908Z","v":0}
{"name":"hexo","hostname":"3cea3b0f60a2","pid":629,"level":20,"msg":"Rendering index: \u001b[35mindex.html\u001b[39m","time":"2016-07-26T16:14:20.192Z","v":0}
{"name":"hexo","hostname":"3cea3b0f60a2","pid":629,"level":20,"msg":"Rendering index: \u001b[35mpage/2/index.html\u001b[39m","time":"2016-07-26T16:14:21.228Z","v":0}
{"name":"hexo","hostname":"3cea3b0f60a2","pid":629,"level":20,"msg":"Rendering index: \u001b[35mpage/3/index.html\u001b[39m","time":"2016-07-26T16:14:21.939Z","v":0}
{"name":"hexo","hostname":"3cea3b0f60a2","pid":629,"level":20,"msg":"Rendering index: \u001b[35mpage/5/index.html\u001b[39m","time":"2016-07-26T16:14:22.640Z","v":0}
{"name":"hexo","hostname":"3cea3b0f60a2","pid":629,"level":20,"msg":"Rendering index: \u001b[35mpage/4/index.html\u001b[39m","time":"2016-07-26T16:14:23.346Z","v":0}
{"name":"hexo","hostname":"3cea3b0f60a2","pid":629,"level":20,"msg":"Rendering index: \u001b[35mpage/6/index.html\u001b[39m","time":"2016-07-26T16:14:24.246Z","v":0}
{"name":"hexo","hostname":"3cea3b0f60a2","pid":629,"level":20,"msg":"Rendering index: \u001b[35mpage/7/index.html\u001b[39m","time":"2016-07-26T16:14:25.097Z","v":0}
{"name":"hexo","hostname":"3cea3b0f60a2","pid":629,"level":20,"msg":"Rendering index: \u001b[35mpage/8/index.html\u001b[39m","time":"2016-07-26T16:14:25.619Z","v":0}
{"name":"hexo","hostname":"3cea3b0f60a2","pid":629,"level":20,"msg":"Rendering index: \u001b[35mpage/9/index.html\u001b[39m","time":"2016-07-26T16:14:26.155Z","v":0}
{"name":"hexo","hostname":"3cea3b0f60a2","pid":629,"level":20,"msg":"Rendering index: \u001b[35mpage/10/index.html\u001b[39m","time":"2016-07-26T16:14:26.735Z","v":0}
{"name":"hexo","hostname":"3cea3b0f60a2","pid":629,"level":20,"msg":"Rendering index: \u001b[35mpage/11/index.html\u001b[39m","time":"2016-07-26T16:14:27.274Z","v":0}
{"name":"hexo","hostname":"3cea3b0f60a2","pid":629,"level":20,"msg":"Rendering index: \u001b[35mpage/12/index.html\u001b[39m","time":"2016-07-26T16:14:27.666Z","v":0}
{"name":"hexo","hostname":"3cea3b0f60a2","pid":629,"level":20,"msg":"Rendering index: \u001b[35mpage/13/index.html\u001b[39m","time":"2016-07-26T16:14:28.379Z","v":0}
{"name":"hexo","hostname":"3cea3b0f60a2","pid":629,"level":20,"msg":"Rendering index: \u001b[35mpage/14/index.html\u001b[39m","time":"2016-07-26T16:14:29.661Z","v":0}
{"name":"hexo","hostname":"3cea3b0f60a2","pid":629,"level":30,"msg":"0 files generated in \u001b[36m1.25 min\u001b[39m","time":"2016-07-26T16:14:30.309Z","v":0}
{"name":"hexo","hostname":"3cea3b0f60a2","pid":629,"level":20,"msg":"Database saved","time":"2016-07-26T16:14:30.494Z","v":0}
