ERROR Process failed: languages/zh-TW.yml
YAMLException: can not read a block mapping entry; a multiline key may not be an implicit key at line 23, column 1:
    
    ^
    at generateError (/var/www/haoflynet/node_modules/hexo/node_modules/js-yaml/lib/js-yaml/loader.js:161:10)
    at throwError (/var/www/haoflynet/node_modules/hexo/node_modules/js-yaml/lib/js-yaml/loader.js:167:9)
    at readBlockMapping (/var/www/haoflynet/node_modules/hexo/node_modules/js-yaml/lib/js-yaml/loader.js:1039:9)
    at composeNode (/var/www/haoflynet/node_modules/hexo/node_modules/js-yaml/lib/js-yaml/loader.js:1327:12)
    at readDocument (/var/www/haoflynet/node_modules/hexo/node_modules/js-yaml/lib/js-yaml/loader.js:1490:3)
    at loadDocuments (/var/www/haoflynet/node_modules/hexo/node_modules/js-yaml/lib/js-yaml/loader.js:1546:5)
    at Object.load (/var/www/haoflynet/node_modules/hexo/node_modules/js-yaml/lib/js-yaml/loader.js:1563:19)
    at Hexo.yamlHelper (/var/www/haoflynet/node_modules/hexo/lib/plugins/renderer/yaml.js:7:15)
    at Hexo.tryCatcher (/var/www/haoflynet/node_modules/hexo/node_modules/bluebird/js/main/util.js:26:23)
    at Hexo.<anonymous> (/var/www/haoflynet/node_modules/hexo/node_modules/bluebird/js/main/method.js:15:34)
    at /var/www/haoflynet/node_modules/hexo/lib/hexo/render.js:51:21
    at tryCatcher (/var/www/haoflynet/node_modules/hexo/node_modules/bluebird/js/main/util.js:26:23)
    at Promise._settlePromiseFromHandler (/var/www/haoflynet/node_modules/hexo/node_modules/bluebird/js/main/promise.js:507:31)
    at Promise._settlePromiseAt (/var/www/haoflynet/node_modules/hexo/node_modules/bluebird/js/main/promise.js:581:18)
    at Promise._settlePromiseAtPostResolution (/var/www/haoflynet/node_modules/hexo/node_modules/bluebird/js/main/promise.js:245:10)
    at Async._drainQueue (/var/www/haoflynet/node_modules/hexo/node_modules/bluebird/js/main/async.js:128:12)
    at Async._drainQueues (/var/www/haoflynet/node_modules/hexo/node_modules/bluebird/js/main/async.js:133:10)
    at Immediate.Async.drainQueues [as _onImmediate] (/var/www/haoflynet/node_modules/hexo/node_modules/bluebird/js/main/async.js:15:14)
    at processImmediate [as _immediateCallback] (timers.js:383:17)
INFO  Hexo is running at http://0.0.0.0:80/. Press Ctrl+C to stop.
FATAL Port 80 has been used. Try other port instead.
FATAL Something's wrong. Maybe you can find the solution here: http://hexo.io/docs/troubleshooting.html
Error: listen EADDRINUSE 0.0.0.0:80
    at Object.exports._errnoException (util.js:870:11)
    at exports._exceptionWithHostPort (util.js:893:20)
    at Server._listen2 (net.js:1238:14)
    at listen (net.js:1274:10)
    at net.js:1383:9
    at doNTCallback3 (node.js:452:9)
    at process._tickCallback (node.js:358:17)
FATAL Error: listen EADDRINUSE 0.0.0.0:80
    at Object.exports._errnoException (util.js:870:11)
    at exports._exceptionWithHostPort (util.js:893:20)
    at Server._listen2 (net.js:1238:14)
    at listen (net.js:1274:10)
    at net.js:1383:9
    at doNTCallback3 (node.js:452:9)
    at process._tickCallback (node.js:358:17)
ERROR Process failed: languages/zh-TW.yml
YAMLException: can not read a block mapping entry; a multiline key may not be an implicit key at line 23, column 1:
    
    ^
    at generateError (/var/www/haoflynet/node_modules/hexo/node_modules/js-yaml/lib/js-yaml/loader.js:161:10)
    at throwError (/var/www/haoflynet/node_modules/hexo/node_modules/js-yaml/lib/js-yaml/loader.js:167:9)
    at readBlockMapping (/var/www/haoflynet/node_modules/hexo/node_modules/js-yaml/lib/js-yaml/loader.js:1039:9)
    at composeNode (/var/www/haoflynet/node_modules/hexo/node_modules/js-yaml/lib/js-yaml/loader.js:1327:12)
    at readDocument (/var/www/haoflynet/node_modules/hexo/node_modules/js-yaml/lib/js-yaml/loader.js:1490:3)
    at loadDocuments (/var/www/haoflynet/node_modules/hexo/node_modules/js-yaml/lib/js-yaml/loader.js:1546:5)
    at Object.load (/var/www/haoflynet/node_modules/hexo/node_modules/js-yaml/lib/js-yaml/loader.js:1563:19)
    at Hexo.yamlHelper (/var/www/haoflynet/node_modules/hexo/lib/plugins/renderer/yaml.js:7:15)
    at Hexo.tryCatcher (/var/www/haoflynet/node_modules/hexo/node_modules/bluebird/js/main/util.js:26:23)
    at Hexo.<anonymous> (/var/www/haoflynet/node_modules/hexo/node_modules/bluebird/js/main/method.js:15:34)
    at /var/www/haoflynet/node_modules/hexo/lib/hexo/render.js:51:21
    at tryCatcher (/var/www/haoflynet/node_modules/hexo/node_modules/bluebird/js/main/util.js:26:23)
    at Promise._settlePromiseFromHandler (/var/www/haoflynet/node_modules/hexo/node_modules/bluebird/js/main/promise.js:507:31)
    at Promise._settlePromiseAt (/var/www/haoflynet/node_modules/hexo/node_modules/bluebird/js/main/promise.js:581:18)
    at Promise._settlePromiseAtPostResolution (/var/www/haoflynet/node_modules/hexo/node_modules/bluebird/js/main/promise.js:245:10)
    at Async._drainQueue (/var/www/haoflynet/node_modules/hexo/node_modules/bluebird/js/main/async.js:128:12)
    at Async._drainQueues (/var/www/haoflynet/node_modules/hexo/node_modules/bluebird/js/main/async.js:133:10)
    at Immediate.Async.drainQueues [as _onImmediate] (/var/www/haoflynet/node_modules/hexo/node_modules/bluebird/js/main/async.js:15:14)
    at processImmediate [as _immediateCallback] (timers.js:383:17)
INFO  Hexo is running at http://0.0.0.0:80/. Press Ctrl+C to stop.
ERROR Process failed: languages/zh-TW.yml
YAMLException: can not read a block mapping entry; a multiline key may not be an implicit key at line 23, column 1:
    
    ^
    at generateError (/var/www/haoflynet/node_modules/hexo/node_modules/js-yaml/lib/js-yaml/loader.js:161:10)
    at throwError (/var/www/haoflynet/node_modules/hexo/node_modules/js-yaml/lib/js-yaml/loader.js:167:9)
    at readBlockMapping (/var/www/haoflynet/node_modules/hexo/node_modules/js-yaml/lib/js-yaml/loader.js:1039:9)
    at composeNode (/var/www/haoflynet/node_modules/hexo/node_modules/js-yaml/lib/js-yaml/loader.js:1327:12)
    at readDocument (/var/www/haoflynet/node_modules/hexo/node_modules/js-yaml/lib/js-yaml/loader.js:1490:3)
    at loadDocuments (/var/www/haoflynet/node_modules/hexo/node_modules/js-yaml/lib/js-yaml/loader.js:1546:5)
    at Object.load (/var/www/haoflynet/node_modules/hexo/node_modules/js-yaml/lib/js-yaml/loader.js:1563:19)
    at Hexo.yamlHelper (/var/www/haoflynet/node_modules/hexo/lib/plugins/renderer/yaml.js:7:15)
    at Hexo.tryCatcher (/var/www/haoflynet/node_modules/hexo/node_modules/bluebird/js/main/util.js:26:23)
    at Hexo.<anonymous> (/var/www/haoflynet/node_modules/hexo/node_modules/bluebird/js/main/method.js:15:34)
    at /var/www/haoflynet/node_modules/hexo/lib/hexo/render.js:51:21
    at tryCatcher (/var/www/haoflynet/node_modules/hexo/node_modules/bluebird/js/main/util.js:26:23)
    at Promise._settlePromiseFromHandler (/var/www/haoflynet/node_modules/hexo/node_modules/bluebird/js/main/promise.js:507:31)
    at Promise._settlePromiseAt (/var/www/haoflynet/node_modules/hexo/node_modules/bluebird/js/main/promise.js:581:18)
    at Promise._settlePromiseAtPostResolution (/var/www/haoflynet/node_modules/hexo/node_modules/bluebird/js/main/promise.js:245:10)
    at Async._drainQueue (/var/www/haoflynet/node_modules/hexo/node_modules/bluebird/js/main/async.js:128:12)
    at Async._drainQueues (/var/www/haoflynet/node_modules/hexo/node_modules/bluebird/js/main/async.js:133:10)
    at Immediate.Async.drainQueues [as _onImmediate] (/var/www/haoflynet/node_modules/hexo/node_modules/bluebird/js/main/async.js:15:14)
    at processImmediate [as _immediateCallback] (timers.js:383:17)
INFO  Hexo is running at http://0.0.0.0:80/. Press Ctrl+C to stop.
